{"/Users/bentley/Desktop/bentely/aiwatch/aiwatch/worker/src/alerts.ts": {"path":"/Users/bentley/Desktop/bentely/aiwatch/aiwatch/worker/src/alerts.ts","statementMap":{"0":{"start":{"line":31,"column":35},"end":{"line":31,"column":null}},"1":{"start":{"line":33,"column":2},"end":{"line":57,"column":null}},"2":{"start":{"line":34,"column":4},"end":{"line":56,"column":null}},"3":{"start":{"line":35,"column":21},"end":{"line":35,"column":null}},"4":{"start":{"line":36,"column":6},"end":{"line":36,"column":null}},"5":{"start":{"line":36,"column":31},"end":{"line":36,"column":null}},"6":{"start":{"line":38,"column":6},"end":{"line":55,"column":null}},"7":{"start":{"line":39,"column":8},"end":{"line":45,"column":null}},"8":{"start":{"line":46,"column":6},"end":{"line":55,"column":null}},"9":{"start":{"line":47,"column":29},"end":{"line":47,"column":null}},"10":{"start":{"line":48,"column":8},"end":{"line":54,"column":null}},"11":{"start":{"line":59,"column":2},"end":{"line":59,"column":null}},"12":{"start":{"line":70,"column":35},"end":{"line":70,"column":null}},"13":{"start":{"line":72,"column":2},"end":{"line":91,"column":null}},"14":{"start":{"line":73,"column":4},"end":{"line":81,"column":null}},"15":{"start":{"line":74,"column":6},"end":{"line":80,"column":null}},"16":{"start":{"line":82,"column":4},"end":{"line":90,"column":null}},"17":{"start":{"line":83,"column":6},"end":{"line":89,"column":null}},"18":{"start":{"line":93,"column":2},"end":{"line":93,"column":null}}},"fnMap":{"0":{"name":"buildIncidentAlerts","decl":{"start":{"line":26,"column":16},"end":{"line":26,"column":null}},"loc":{"start":{"line":30,"column":20},"end":{"line":60,"column":null}},"line":30},"1":{"name":"buildServiceAlerts","decl":{"start":{"line":66,"column":16},"end":{"line":66,"column":null}},"loc":{"start":{"line":69,"column":20},"end":{"line":94,"column":null}},"line":69}},"branchMap":{"0":{"loc":{"start":{"line":29,"column":2},"end":{"line":29,"column":null}},"type":"default-arg","locations":[{"start":{"line":29,"column":16},"end":{"line":29,"column":null}}],"line":29},"1":{"loc":{"start":{"line":34,"column":22},"end":{"line":34,"column":43}},"type":"binary-expr","locations":[{"start":{"line":34,"column":22},"end":{"line":34,"column":39}},{"start":{"line":34,"column":39},"end":{"line":34,"column":43}}],"line":34},"2":{"loc":{"start":{"line":36,"column":6},"end":{"line":36,"column":null}},"type":"if","locations":[{"start":{"line":36,"column":6},"end":{"line":36,"column":null}},{"start":{},"end":{}}],"line":36},"3":{"loc":{"start":{"line":38,"column":6},"end":{"line":55,"column":null}},"type":"if","locations":[{"start":{"line":38,"column":6},"end":{"line":55,"column":null}},{"start":{"line":46,"column":6},"end":{"line":55,"column":null}}],"line":38},"4":{"loc":{"start":{"line":38,"column":10},"end":{"line":38,"column":67}},"type":"binary-expr","locations":[{"start":{"line":38,"column":10},"end":{"line":38,"column":39}},{"start":{"line":38,"column":39},"end":{"line":38,"column":67}}],"line":38},"5":{"loc":{"start":{"line":46,"column":6},"end":{"line":55,"column":null}},"type":"if","locations":[{"start":{"line":46,"column":6},"end":{"line":55,"column":null}},{"start":{},"end":{}}],"line":46},"6":{"loc":{"start":{"line":46,"column":17},"end":{"line":46,"column":73}},"type":"binary-expr","locations":[{"start":{"line":46,"column":17},"end":{"line":46,"column":46}},{"start":{"line":46,"column":46},"end":{"line":46,"column":73}}],"line":46},"7":{"loc":{"start":{"line":47,"column":29},"end":{"line":47,"column":null}},"type":"cond-expr","locations":[{"start":{"line":47,"column":44},"end":{"line":47,"column":67}},{"start":{"line":47,"column":67},"end":{"line":47,"column":null}}],"line":47},"8":{"loc":{"start":{"line":73,"column":4},"end":{"line":81,"column":null}},"type":"if","locations":[{"start":{"line":73,"column":4},"end":{"line":81,"column":null}},{"start":{},"end":{}}],"line":73},"9":{"loc":{"start":{"line":82,"column":4},"end":{"line":90,"column":null}},"type":"if","locations":[{"start":{"line":82,"column":4},"end":{"line":90,"column":null}},{"start":{},"end":{}}],"line":82},"10":{"loc":{"start":{"line":82,"column":8},"end":{"line":82,"column":68}},"type":"binary-expr","locations":[{"start":{"line":82,"column":8},"end":{"line":82,"column":40}},{"start":{"line":82,"column":40},"end":{"line":82,"column":68}}],"line":82}},"s":{"0":8,"1":8,"2":9,"3":8,"4":8,"5":1,"6":7,"7":3,"8":4,"9":2,"10":2,"11":8,"12":6,"13":6,"14":7,"15":2,"16":7,"17":2,"18":6},"f":{"0":8,"1":6},"b":{"0":[8],"1":[9,0],"2":[1,7],"3":[3,4],"4":[7,4],"5":[2,2],"6":[4,3],"7":[2,0],"8":[2,5],"9":[2,5],"10":[7,4]},"meta":{"lastBranch":11,"lastFunction":2,"lastStatement":19,"seen":{"f:26:16:26:Infinity":0,"b:29:16:29:Infinity":0,"s:31:35:31:Infinity":0,"s:33:2:57:Infinity":1,"s:34:4:56:Infinity":2,"b:34:22:34:39:34:39:34:43":1,"s:35:21:35:Infinity":3,"b:36:6:36:Infinity:undefined:undefined:undefined:undefined":2,"s:36:6:36:Infinity":4,"s:36:31:36:Infinity":5,"b:38:6:55:Infinity:46:6:55:Infinity":3,"s:38:6:55:Infinity":6,"b:38:10:38:39:38:39:38:67":4,"s:39:8:45:Infinity":7,"b:46:6:55:Infinity:undefined:undefined:undefined:undefined":5,"s:46:6:55:Infinity":8,"b:46:17:46:46:46:46:46:73":6,"s:47:29:47:Infinity":9,"b:47:44:47:67:47:67:47:Infinity":7,"s:48:8:54:Infinity":10,"s:59:2:59:Infinity":11,"f:66:16:66:Infinity":1,"s:70:35:70:Infinity":12,"s:72:2:91:Infinity":13,"b:73:4:81:Infinity:undefined:undefined:undefined:undefined":8,"s:73:4:81:Infinity":14,"s:74:6:80:Infinity":15,"b:82:4:90:Infinity:undefined:undefined:undefined:undefined":9,"s:82:4:90:Infinity":16,"b:82:8:82:40:82:40:82:68":10,"s:83:6:89:Infinity":17,"s:93:2:93:Infinity":18}}}
,"/Users/bentley/Desktop/bentely/aiwatch/aiwatch/worker/src/badge.ts": {"path":"/Users/bentley/Desktop/bentely/aiwatch/aiwatch/worker/src/badge.ts","statementMap":{"0":{"start":{"line":4,"column":2},"end":{"line":4,"column":null}},"1":{"start":{"line":8,"column":21},"end":{"line":8,"column":null}},"2":{"start":{"line":9,"column":22},"end":{"line":9,"column":null}},"3":{"start":{"line":10,"column":21},"end":{"line":10,"column":null}},"4":{"start":{"line":11,"column":17},"end":{"line":11,"column":null}},"5":{"start":{"line":12,"column":20},"end":{"line":12,"column":null}},"6":{"start":{"line":13,"column":21},"end":{"line":13,"column":null}},"7":{"start":{"line":14,"column":20},"end":{"line":14,"column":null}},"8":{"start":{"line":16,"column":2},"end":{"line":30,"column":null}}},"fnMap":{"0":{"name":"escapeXml","decl":{"start":{"line":3,"column":16},"end":{"line":3,"column":26}},"loc":{"start":{"line":3,"column":45},"end":{"line":5,"column":null}},"line":3},"1":{"name":"generateBadgeSvg","decl":{"start":{"line":7,"column":16},"end":{"line":7,"column":33}},"loc":{"start":{"line":7,"column":102},"end":{"line":33,"column":null}},"line":7}},"branchMap":{"0":{"loc":{"start":{"line":11,"column":17},"end":{"line":11,"column":null}},"type":"cond-expr","locations":[{"start":{"line":11,"column":43},"end":{"line":11,"column":49}},{"start":{"line":11,"column":49},"end":{"line":11,"column":null}}],"line":11},"1":{"loc":{"start":{"line":14,"column":20},"end":{"line":14,"column":null}},"type":"cond-expr","locations":[{"start":{"line":14,"column":56},"end":{"line":14,"column":64}},{"start":{"line":14,"column":64},"end":{"line":14,"column":null}}],"line":14}},"s":{"0":27,"1":11,"2":11,"3":11,"4":11,"5":11,"6":11,"7":11,"8":11},"f":{"0":27,"1":11},"b":{"0":[1,10],"1":[10,1]},"meta":{"lastBranch":2,"lastFunction":2,"lastStatement":9,"seen":{"f:3:16:3:26":0,"s:4:2:4:Infinity":0,"f:7:16:7:33":1,"s:8:21:8:Infinity":1,"s:9:22:9:Infinity":2,"s:10:21:10:Infinity":3,"s:11:17:11:Infinity":4,"b:11:43:11:49:11:49:11:Infinity":0,"s:12:20:12:Infinity":5,"s:13:21:13:Infinity":6,"s:14:20:14:Infinity":7,"b:14:56:14:64:14:64:14:Infinity":1,"s:16:2:30:Infinity":8}}}
,"/Users/bentley/Desktop/bentely/aiwatch/aiwatch/worker/src/fallback.ts": {"path":"/Users/bentley/Desktop/bentely/aiwatch/aiwatch/worker/src/fallback.ts","statementMap":{"0":{"start":{"line":4,"column":32},"end":{"line":4,"column":null}},"1":{"start":{"line":19,"column":2},"end":{"line":19,"column":null}},"2":{"start":{"line":19,"column":44},"end":{"line":19,"column":null}},"3":{"start":{"line":20,"column":2},"end":{"line":24,"column":null}},"4":{"start":{"line":21,"column":17},"end":{"line":21,"column":92}},"5":{"start":{"line":22,"column":14},"end":{"line":22,"column":65}},"6":{"start":{"line":24,"column":15},"end":{"line":24,"column":63}},"7":{"start":{"line":28,"column":2},"end":{"line":28,"column":null}},"8":{"start":{"line":28,"column":30},"end":{"line":28,"column":null}},"9":{"start":{"line":29,"column":15},"end":{"line":32,"column":null}},"10":{"start":{"line":30,"column":18},"end":{"line":30,"column":null}},"11":{"start":{"line":31,"column":4},"end":{"line":31,"column":null}},"12":{"start":{"line":33,"column":2},"end":{"line":33,"column":null}}},"fnMap":{"0":{"name":"getFallbacks","decl":{"start":{"line":14,"column":16},"end":{"line":14,"column":null}},"loc":{"start":{"line":18,"column":49},"end":{"line":25,"column":null}},"line":18},"1":{"name":"(anonymous_1)","decl":{"start":{"line":21,"column":12},"end":{"line":21,"column":17}},"loc":{"start":{"line":21,"column":17},"end":{"line":21,"column":92}},"line":21},"2":{"name":"(anonymous_2)","decl":{"start":{"line":22,"column":10},"end":{"line":22,"column":11}},"loc":{"start":{"line":22,"column":14},"end":{"line":22,"column":65}},"line":22},"3":{"name":"(anonymous_3)","decl":{"start":{"line":24,"column":9},"end":{"line":24,"column":15}},"loc":{"start":{"line":24,"column":15},"end":{"line":24,"column":63}},"line":24},"4":{"name":"buildFallbackText","decl":{"start":{"line":27,"column":16},"end":{"line":27,"column":34}},"loc":{"start":{"line":27,"column":100},"end":{"line":34,"column":null}},"line":27},"5":{"name":"(anonymous_5)","decl":{"start":{"line":29,"column":29},"end":{"line":29,"column":30}},"loc":{"start":{"line":29,"column":39},"end":{"line":32,"column":3}},"line":29}},"branchMap":{"0":{"loc":{"start":{"line":19,"column":2},"end":{"line":19,"column":null}},"type":"if","locations":[{"start":{"line":19,"column":2},"end":{"line":19,"column":null}},{"start":{},"end":{}}],"line":19},"1":{"loc":{"start":{"line":21,"column":17},"end":{"line":21,"column":92}},"type":"binary-expr","locations":[{"start":{"line":21,"column":17},"end":{"line":21,"column":44}},{"start":{"line":21,"column":44},"end":{"line":21,"column":66}},{"start":{"line":21,"column":66},"end":{"line":21,"column":92}}],"line":21},"2":{"loc":{"start":{"line":22,"column":21},"end":{"line":22,"column":45}},"type":"binary-expr","locations":[{"start":{"line":22,"column":21},"end":{"line":22,"column":39}},{"start":{"line":22,"column":39},"end":{"line":22,"column":45}}],"line":22},"3":{"loc":{"start":{"line":22,"column":45},"end":{"line":22,"column":65}},"type":"binary-expr","locations":[{"start":{"line":22,"column":45},"end":{"line":22,"column":63}},{"start":{"line":22,"column":63},"end":{"line":22,"column":65}}],"line":22},"4":{"loc":{"start":{"line":24,"column":38},"end":{"line":24,"column":61}},"type":"binary-expr","locations":[{"start":{"line":24,"column":38},"end":{"line":24,"column":56}},{"start":{"line":24,"column":56},"end":{"line":24,"column":61}}],"line":24},"5":{"loc":{"start":{"line":28,"column":2},"end":{"line":28,"column":null}},"type":"if","locations":[{"start":{"line":28,"column":2},"end":{"line":28,"column":null}},{"start":{},"end":{}}],"line":28},"6":{"loc":{"start":{"line":30,"column":18},"end":{"line":30,"column":null}},"type":"cond-expr","locations":[{"start":{"line":30,"column":36},"end":{"line":30,"column":69}},{"start":{"line":30,"column":69},"end":{"line":30,"column":null}}],"line":30},"7":{"loc":{"start":{"line":31,"column":11},"end":{"line":31,"column":null}},"type":"cond-expr","locations":[{"start":{"line":31,"column":21},"end":{"line":31,"column":36}},{"start":{"line":31,"column":36},"end":{"line":31,"column":null}}],"line":31}},"s":{"0":2,"1":12,"2":3,"3":9,"4":44,"5":15,"6":9,"7":6,"8":3,"9":3,"10":4,"11":4,"12":3},"f":{"0":12,"1":44,"2":15,"3":9,"4":6,"5":4},"b":{"0":[3,9],"1":[44,28,19],"2":[15,0],"3":[15,0],"4":[9,1],"5":[3,3],"6":[3,1],"7":[3,1]},"meta":{"lastBranch":8,"lastFunction":6,"lastStatement":13,"seen":{"s:4:32:4:Infinity":0,"f:14:16:14:Infinity":0,"b:19:2:19:Infinity:undefined:undefined:undefined:undefined":0,"s:19:2:19:Infinity":1,"s:19:44:19:Infinity":2,"s:20:2:24:Infinity":3,"f:21:12:21:17":1,"s:21:17:21:92":4,"b:21:17:21:44:21:44:21:66:21:66:21:92":1,"f:22:10:22:11":2,"s:22:14:22:65":5,"b:22:21:22:39:22:39:22:45":2,"b:22:45:22:63:22:63:22:65":3,"f:24:9:24:15":3,"s:24:15:24:63":6,"b:24:38:24:56:24:56:24:61":4,"f:27:16:27:34":4,"b:28:2:28:Infinity:undefined:undefined:undefined:undefined":5,"s:28:2:28:Infinity":7,"s:28:30:28:Infinity":8,"s:29:15:32:Infinity":9,"f:29:29:29:30":5,"s:30:18:30:Infinity":10,"b:30:36:30:69:30:69:30:Infinity":6,"s:31:4:31:Infinity":11,"b:31:21:31:36:31:36:31:Infinity":7,"s:33:2:33:Infinity":12}}}
,"/Users/bentley/Desktop/bentely/aiwatch/aiwatch/worker/src/score.ts": {"path":"/Users/bentley/Desktop/bentely/aiwatch/aiwatch/worker/src/score.ts","statementMap":{"0":{"start":{"line":22,"column":2},"end":{"line":22,"column":null}},"1":{"start":{"line":22,"column":10},"end":{"line":22,"column":null}},"2":{"start":{"line":23,"column":12},"end":{"line":23,"column":null}},"3":{"start":{"line":24,"column":17},"end":{"line":24,"column":null}},"4":{"start":{"line":25,"column":12},"end":{"line":25,"column":null}},"5":{"start":{"line":26,"column":2},"end":{"line":26,"column":null}},"6":{"start":{"line":30,"column":2},"end":{"line":30,"column":null}},"7":{"start":{"line":30,"column":19},"end":{"line":30,"column":null}},"8":{"start":{"line":31,"column":2},"end":{"line":31,"column":null}},"9":{"start":{"line":31,"column":19},"end":{"line":31,"column":null}},"10":{"start":{"line":32,"column":2},"end":{"line":32,"column":null}},"11":{"start":{"line":32,"column":19},"end":{"line":32,"column":null}},"12":{"start":{"line":33,"column":2},"end":{"line":33,"column":null}},"13":{"start":{"line":33,"column":19},"end":{"line":33,"column":null}},"14":{"start":{"line":34,"column":2},"end":{"line":34,"column":null}},"15":{"start":{"line":38,"column":17},"end":{"line":38,"column":null}},"16":{"start":{"line":39,"column":8},"end":{"line":39,"column":null}},"17":{"start":{"line":39,"column":63},"end":{"line":39,"column":84}},"18":{"start":{"line":40,"column":24},"end":{"line":40,"column":null}},"19":{"start":{"line":43,"column":23},"end":{"line":43,"column":null}},"20":{"start":{"line":43,"column":55},"end":{"line":43,"column":79}},"21":{"start":{"line":46,"column":20},"end":{"line":49,"column":null}},"22":{"start":{"line":47,"column":19},"end":{"line":47,"column":56}},"23":{"start":{"line":48,"column":16},"end":{"line":48,"column":45}},"24":{"start":{"line":49,"column":19},"end":{"line":49,"column":24}},"25":{"start":{"line":51,"column":33},"end":{"line":51,"column":null}},"26":{"start":{"line":52,"column":2},"end":{"line":58,"column":null}},"27":{"start":{"line":54,"column":4},"end":{"line":54,"column":null}},"28":{"start":{"line":54,"column":29},"end":{"line":54,"column":34}},"29":{"start":{"line":55,"column":4},"end":{"line":55,"column":null}},"30":{"start":{"line":56,"column":2},"end":{"line":58,"column":null}},"31":{"start":{"line":57,"column":4},"end":{"line":57,"column":null}},"32":{"start":{"line":57,"column":44},"end":{"line":57,"column":51}},"33":{"start":{"line":61,"column":2},"end":{"line":67,"column":null}},"34":{"start":{"line":62,"column":4},"end":{"line":66,"column":null}},"35":{"start":{"line":70,"column":20},"end":{"line":70,"column":null}},"36":{"start":{"line":71,"column":35},"end":{"line":71,"column":null}},"37":{"start":{"line":72,"column":2},"end":{"line":74,"column":null}},"38":{"start":{"line":73,"column":4},"end":{"line":73,"column":null}},"39":{"start":{"line":79,"column":24},"end":{"line":79,"column":null}},"40":{"start":{"line":82,"column":24},"end":{"line":84,"column":null}},"41":{"start":{"line":90,"column":2},"end":{"line":98,"column":null}},"42":{"start":{"line":91,"column":4},"end":{"line":91,"column":null}},"43":{"start":{"line":92,"column":4},"end":{"line":92,"column":null}},"44":{"start":{"line":95,"column":26},"end":{"line":95,"column":null}},"45":{"start":{"line":96,"column":4},"end":{"line":96,"column":null}},"46":{"start":{"line":97,"column":4},"end":{"line":97,"column":null}},"47":{"start":{"line":101,"column":2},"end":{"line":101,"column":null}},"48":{"start":{"line":102,"column":2},"end":{"line":102,"column":null}},"49":{"start":{"line":102,"column":17},"end":{"line":102,"column":null}},"50":{"start":{"line":104,"column":2},"end":{"line":119,"column":null}}},"fnMap":{"0":{"name":"parseDurationMin","decl":{"start":{"line":21,"column":9},"end":{"line":21,"column":26}},"loc":{"start":{"line":21,"column":45},"end":{"line":27,"column":null}},"line":21},"1":{"name":"scoreToGrade","decl":{"start":{"line":29,"column":9},"end":{"line":29,"column":22}},"loc":{"start":{"line":29,"column":95},"end":{"line":35,"column":null}},"line":29},"2":{"name":"calculateAIWatchScore","decl":{"start":{"line":37,"column":16},"end":{"line":37,"column":38}},"loc":{"start":{"line":37,"column":93},"end":{"line":120,"column":null}},"line":37},"3":{"name":"(anonymous_3)","decl":{"start":{"line":39,"column":56},"end":{"line":39,"column":57}},"loc":{"start":{"line":39,"column":63},"end":{"line":39,"column":84}},"line":39},"4":{"name":"(anonymous_4)","decl":{"start":{"line":43,"column":48},"end":{"line":43,"column":49}},"loc":{"start":{"line":43,"column":55},"end":{"line":43,"column":79}},"line":43},"5":{"name":"(anonymous_5)","decl":{"start":{"line":47,"column":12},"end":{"line":47,"column":13}},"loc":{"start":{"line":47,"column":19},"end":{"line":47,"column":56}},"line":47},"6":{"name":"(anonymous_6)","decl":{"start":{"line":48,"column":9},"end":{"line":48,"column":10}},"loc":{"start":{"line":48,"column":16},"end":{"line":48,"column":45}},"line":48},"7":{"name":"(anonymous_7)","decl":{"start":{"line":49,"column":12},"end":{"line":49,"column":13}},"loc":{"start":{"line":49,"column":19},"end":{"line":49,"column":24}},"line":49},"8":{"name":"(anonymous_8)","decl":{"start":{"line":54,"column":19},"end":{"line":54,"column":20}},"loc":{"start":{"line":54,"column":29},"end":{"line":54,"column":34}},"line":54},"9":{"name":"(anonymous_9)","decl":{"start":{"line":57,"column":34},"end":{"line":57,"column":35}},"loc":{"start":{"line":57,"column":44},"end":{"line":57,"column":51}},"line":57}},"branchMap":{"0":{"loc":{"start":{"line":22,"column":2},"end":{"line":22,"column":null}},"type":"if","locations":[{"start":{"line":22,"column":2},"end":{"line":22,"column":null}},{"start":{},"end":{}}],"line":22},"1":{"loc":{"start":{"line":23,"column":12},"end":{"line":23,"column":null}},"type":"cond-expr","locations":[{"start":{"line":23,"column":30},"end":{"line":23,"column":58}},{"start":{"line":23,"column":58},"end":{"line":23,"column":null}}],"line":23},"2":{"loc":{"start":{"line":24,"column":17},"end":{"line":24,"column":null}},"type":"cond-expr","locations":[{"start":{"line":24,"column":35},"end":{"line":24,"column":61}},{"start":{"line":24,"column":61},"end":{"line":24,"column":null}}],"line":24},"3":{"loc":{"start":{"line":25,"column":12},"end":{"line":25,"column":null}},"type":"cond-expr","locations":[{"start":{"line":25,"column":45},"end":{"line":25,"column":88}},{"start":{"line":25,"column":88},"end":{"line":25,"column":null}}],"line":25},"4":{"loc":{"start":{"line":25,"column":12},"end":{"line":25,"column":45}},"type":"binary-expr","locations":[{"start":{"line":25,"column":12},"end":{"line":25,"column":22}},{"start":{"line":25,"column":22},"end":{"line":25,"column":45}}],"line":25},"5":{"loc":{"start":{"line":30,"column":2},"end":{"line":30,"column":null}},"type":"if","locations":[{"start":{"line":30,"column":2},"end":{"line":30,"column":null}},{"start":{},"end":{}}],"line":30},"6":{"loc":{"start":{"line":31,"column":2},"end":{"line":31,"column":null}},"type":"if","locations":[{"start":{"line":31,"column":2},"end":{"line":31,"column":null}},{"start":{},"end":{}}],"line":31},"7":{"loc":{"start":{"line":32,"column":2},"end":{"line":32,"column":null}},"type":"if","locations":[{"start":{"line":32,"column":2},"end":{"line":32,"column":null}},{"start":{},"end":{}}],"line":32},"8":{"loc":{"start":{"line":33,"column":2},"end":{"line":33,"column":null}},"type":"if","locations":[{"start":{"line":33,"column":2},"end":{"line":33,"column":null}},{"start":{},"end":{}}],"line":33},"9":{"loc":{"start":{"line":37,"column":62},"end":{"line":37,"column":93}},"type":"default-arg","locations":[{"start":{"line":37,"column":75},"end":{"line":37,"column":93}}],"line":37},"10":{"loc":{"start":{"line":39,"column":24},"end":{"line":39,"column":49}},"type":"binary-expr","locations":[{"start":{"line":39,"column":24},"end":{"line":39,"column":45}},{"start":{"line":39,"column":45},"end":{"line":39,"column":49}}],"line":39},"11":{"loc":{"start":{"line":47,"column":19},"end":{"line":47,"column":56}},"type":"binary-expr","locations":[{"start":{"line":47,"column":19},"end":{"line":47,"column":46}},{"start":{"line":47,"column":46},"end":{"line":47,"column":56}}],"line":47},"12":{"loc":{"start":{"line":52,"column":2},"end":{"line":58,"column":null}},"type":"if","locations":[{"start":{"line":52,"column":2},"end":{"line":58,"column":null}},{"start":{"line":56,"column":2},"end":{"line":58,"column":null}}],"line":52},"13":{"loc":{"start":{"line":56,"column":2},"end":{"line":58,"column":null}},"type":"if","locations":[{"start":{"line":56,"column":2},"end":{"line":58,"column":null}},{"start":{},"end":{}}],"line":56},"14":{"loc":{"start":{"line":61,"column":2},"end":{"line":67,"column":null}},"type":"if","locations":[{"start":{"line":61,"column":2},"end":{"line":67,"column":null}},{"start":{},"end":{}}],"line":61},"15":{"loc":{"start":{"line":61,"column":6},"end":{"line":61,"column":78}},"type":"binary-expr","locations":[{"start":{"line":61,"column":6},"end":{"line":61,"column":29}},{"start":{"line":61,"column":29},"end":{"line":61,"column":51}},{"start":{"line":61,"column":51},"end":{"line":61,"column":78}}],"line":61},"16":{"loc":{"start":{"line":72,"column":2},"end":{"line":74,"column":null}},"type":"if","locations":[{"start":{"line":72,"column":2},"end":{"line":74,"column":null}},{"start":{},"end":{}}],"line":72},"17":{"loc":{"start":{"line":82,"column":24},"end":{"line":84,"column":null}},"type":"cond-expr","locations":[{"start":{"line":83,"column":6},"end":{"line":83,"column":null}},{"start":{"line":84,"column":6},"end":{"line":84,"column":null}}],"line":82},"18":{"loc":{"start":{"line":84,"column":6},"end":{"line":84,"column":null}},"type":"cond-expr","locations":[{"start":{"line":84,"column":26},"end":{"line":84,"column":30}},{"start":{"line":84,"column":30},"end":{"line":84,"column":null}}],"line":84},"19":{"loc":{"start":{"line":90,"column":2},"end":{"line":98,"column":null}},"type":"if","locations":[{"start":{"line":90,"column":2},"end":{"line":98,"column":null}},{"start":{"line":93,"column":9},"end":{"line":98,"column":null}}],"line":90},"20":{"loc":{"start":{"line":102,"column":2},"end":{"line":102,"column":null}},"type":"if","locations":[{"start":{"line":102,"column":2},"end":{"line":102,"column":null}},{"start":{},"end":{}}],"line":102},"21":{"loc":{"start":{"line":109,"column":14},"end":{"line":109,"column":null}},"type":"cond-expr","locations":[{"start":{"line":109,"column":36},"end":{"line":109,"column":72}},{"start":{"line":109,"column":72},"end":{"line":109,"column":null}}],"line":109},"22":{"loc":{"start":{"line":114,"column":17},"end":{"line":114,"column":null}},"type":"binary-expr","locations":[{"start":{"line":114,"column":17},"end":{"line":114,"column":38}},{"start":{"line":114,"column":38},"end":{"line":114,"column":null}}],"line":114},"23":{"loc":{"start":{"line":117,"column":17},"end":{"line":117,"column":null}},"type":"cond-expr","locations":[{"start":{"line":117,"column":37},"end":{"line":117,"column":71}},{"start":{"line":117,"column":71},"end":{"line":117,"column":null}}],"line":117}},"s":{"0":33,"1":0,"2":33,"3":33,"4":33,"5":33,"6":22,"7":15,"8":7,"9":4,"10":3,"11":1,"12":2,"13":2,"14":0,"15":23,"16":23,"17":35,"18":23,"19":23,"20":34,"21":23,"22":34,"23":33,"24":33,"25":23,"26":23,"27":4,"28":23,"29":4,"30":19,"31":8,"32":9,"33":23,"34":1,"35":22,"36":22,"37":22,"38":21,"39":22,"40":22,"41":23,"42":21,"43":21,"44":1,"45":1,"46":1,"47":22,"48":22,"49":0,"50":22},"f":{"0":33,"1":22,"2":23,"3":35,"4":34,"5":34,"6":33,"7":33,"8":23,"9":9},"b":{"0":[0,33],"1":[30,3],"2":[30,3],"3":[32,1],"4":[33,32],"5":[15,7],"6":[4,3],"7":[1,2],"8":[2,0],"9":[23],"10":[23,0],"11":[34,33],"12":[4,19],"13":[8,11],"14":[1,22],"15":[23,10,10],"16":[21,1],"17":[12,10],"18":[1,9],"19":[21,1],"20":[0,22],"21":[21,1],"22":[23,1],"23":[12,10]},"meta":{"lastBranch":24,"lastFunction":10,"lastStatement":51,"seen":{"f:21:9:21:26":0,"b:22:2:22:Infinity:undefined:undefined:undefined:undefined":0,"s:22:2:22:Infinity":0,"s:22:10:22:Infinity":1,"s:23:12:23:Infinity":2,"b:23:30:23:58:23:58:23:Infinity":1,"s:24:17:24:Infinity":3,"b:24:35:24:61:24:61:24:Infinity":2,"s:25:12:25:Infinity":4,"b:25:45:25:88:25:88:25:Infinity":3,"b:25:12:25:22:25:22:25:45":4,"s:26:2:26:Infinity":5,"f:29:9:29:22":1,"b:30:2:30:Infinity:undefined:undefined:undefined:undefined":5,"s:30:2:30:Infinity":6,"s:30:19:30:Infinity":7,"b:31:2:31:Infinity:undefined:undefined:undefined:undefined":6,"s:31:2:31:Infinity":8,"s:31:19:31:Infinity":9,"b:32:2:32:Infinity:undefined:undefined:undefined:undefined":7,"s:32:2:32:Infinity":10,"s:32:19:32:Infinity":11,"b:33:2:33:Infinity:undefined:undefined:undefined:undefined":8,"s:33:2:33:Infinity":12,"s:33:19:33:Infinity":13,"s:34:2:34:Infinity":14,"f:37:16:37:38":2,"b:37:75:37:93":9,"s:38:17:38:Infinity":15,"s:39:8:39:Infinity":16,"b:39:24:39:45:39:45:39:49":10,"f:39:56:39:57":3,"s:39:63:39:84":17,"s:40:24:40:Infinity":18,"s:43:23:43:Infinity":19,"f:43:48:43:49":4,"s:43:55:43:79":20,"s:46:20:49:Infinity":21,"f:47:12:47:13":5,"s:47:19:47:56":22,"b:47:19:47:46:47:46:47:56":11,"f:48:9:48:10":6,"s:48:16:48:45":23,"f:49:12:49:13":7,"s:49:19:49:24":24,"s:51:33:51:Infinity":25,"b:52:2:58:Infinity:56:2:58:Infinity":12,"s:52:2:58:Infinity":26,"s:54:4:54:Infinity":27,"f:54:19:54:20":8,"s:54:29:54:34":28,"s:55:4:55:Infinity":29,"b:56:2:58:Infinity:undefined:undefined:undefined:undefined":13,"s:56:2:58:Infinity":30,"s:57:4:57:Infinity":31,"f:57:34:57:35":9,"s:57:44:57:51":32,"b:61:2:67:Infinity:undefined:undefined:undefined:undefined":14,"s:61:2:67:Infinity":33,"b:61:6:61:29:61:29:61:51:61:51:61:78":15,"s:62:4:66:Infinity":34,"s:70:20:70:Infinity":35,"s:71:35:71:Infinity":36,"b:72:2:74:Infinity:undefined:undefined:undefined:undefined":16,"s:72:2:74:Infinity":37,"s:73:4:73:Infinity":38,"s:79:24:79:Infinity":39,"s:82:24:84:Infinity":40,"b:83:6:83:Infinity:84:6:84:Infinity":17,"b:84:26:84:30:84:30:84:Infinity":18,"b:90:2:98:Infinity:93:9:98:Infinity":19,"s:90:2:98:Infinity":41,"s:91:4:91:Infinity":42,"s:92:4:92:Infinity":43,"s:95:26:95:Infinity":44,"s:96:4:96:Infinity":45,"s:97:4:97:Infinity":46,"s:101:2:101:Infinity":47,"b:102:2:102:Infinity:undefined:undefined:undefined:undefined":20,"s:102:2:102:Infinity":48,"s:102:17:102:Infinity":49,"s:104:2:119:Infinity":50,"b:109:36:109:72:109:72:109:Infinity":21,"b:114:17:114:38:114:38:114:Infinity":22,"b:117:37:117:71:117:71:117:Infinity":23}}}
,"/Users/bentley/Desktop/bentely/aiwatch/aiwatch/worker/src/utils.ts": {"path":"/Users/bentley/Desktop/bentely/aiwatch/aiwatch/worker/src/utils.ts","statementMap":{"0":{"start":{"line":4,"column":17},"end":{"line":4,"column":null}},"1":{"start":{"line":5,"column":16},"end":{"line":5,"column":null}},"2":{"start":{"line":6,"column":18},"end":{"line":6,"column":null}},"3":{"start":{"line":7,"column":2},"end":{"line":7,"column":null}},"4":{"start":{"line":7,"column":17},"end":{"line":7,"column":null}},"5":{"start":{"line":8,"column":2},"end":{"line":8,"column":null}},"6":{"start":{"line":12,"column":2},"end":{"line":16,"column":null}},"7":{"start":{"line":20,"column":21},"end":{"line":20,"column":null}},"8":{"start":{"line":21,"column":16},"end":{"line":21,"column":null}},"9":{"start":{"line":21,"column":33},"end":{"line":21,"column":53}},"10":{"start":{"line":22,"column":2},"end":{"line":26,"column":null}},"11":{"start":{"line":23,"column":4},"end":{"line":23,"column":null}},"12":{"start":{"line":25,"column":4},"end":{"line":25,"column":null}}},"fnMap":{"0":{"name":"formatDuration","decl":{"start":{"line":3,"column":16},"end":{"line":3,"column":31}},"loc":{"start":{"line":3,"column":63},"end":{"line":9,"column":null}},"line":3},"1":{"name":"sanitize","decl":{"start":{"line":11,"column":16},"end":{"line":11,"column":25}},"loc":{"start":{"line":11,"column":59},"end":{"line":17,"column":null}},"line":11},"2":{"name":"fetchWithTimeout","decl":{"start":{"line":19,"column":22},"end":{"line":19,"column":39}},"loc":{"start":{"line":19,"column":89},"end":{"line":27,"column":null}},"line":19},"3":{"name":"(anonymous_3)","decl":{"start":{"line":21,"column":27},"end":{"line":21,"column":33}},"loc":{"start":{"line":21,"column":33},"end":{"line":21,"column":53}},"line":21}},"branchMap":{"0":{"loc":{"start":{"line":7,"column":2},"end":{"line":7,"column":null}},"type":"if","locations":[{"start":{"line":7,"column":2},"end":{"line":7,"column":null}},{"start":{},"end":{}}],"line":7},"1":{"loc":{"start":{"line":11,"column":36},"end":{"line":11,"column":59}},"type":"default-arg","locations":[{"start":{"line":11,"column":45},"end":{"line":11,"column":59}}],"line":11},"2":{"loc":{"start":{"line":19,"column":52},"end":{"line":19,"column":89}},"type":"default-arg","locations":[{"start":{"line":19,"column":64},"end":{"line":19,"column":89}}],"line":19}},"s":{"0":19,"1":19,"2":19,"3":19,"4":17,"5":2,"6":5,"7":0,"8":0,"9":0,"10":0,"11":0,"12":0},"f":{"0":19,"1":5,"2":0,"3":0},"b":{"0":[17,2],"1":[5],"2":[0]},"meta":{"lastBranch":3,"lastFunction":4,"lastStatement":13,"seen":{"f:3:16:3:31":0,"s:4:17:4:Infinity":0,"s:5:16:5:Infinity":1,"s:6:18:6:Infinity":2,"b:7:2:7:Infinity:undefined:undefined:undefined:undefined":0,"s:7:2:7:Infinity":3,"s:7:17:7:Infinity":4,"s:8:2:8:Infinity":5,"f:11:16:11:25":1,"b:11:45:11:59":1,"s:12:2:16:Infinity":6,"f:19:22:19:39":2,"b:19:64:19:89":2,"s:20:21:20:Infinity":7,"s:21:16:21:Infinity":8,"f:21:27:21:33":3,"s:21:33:21:53":9,"s:22:2:26:Infinity":10,"s:23:4:23:Infinity":11,"s:25:4:25:Infinity":12}}}
,"/Users/bentley/Desktop/bentely/aiwatch/aiwatch/worker/src/parsers/betterstack.ts": {"path":"/Users/bentley/Desktop/bentely/aiwatch/aiwatch/worker/src/parsers/betterstack.ts","statementMap":{"0":{"start":{"line":7,"column":2},"end":{"line":10,"column":null}},"1":{"start":{"line":14,"column":2},"end":{"line":14,"column":null}},"2":{"start":{"line":18,"column":16},"end":{"line":18,"column":null}},"3":{"start":{"line":19,"column":2},"end":{"line":19,"column":null}},"4":{"start":{"line":19,"column":14},"end":{"line":19,"column":null}},"5":{"start":{"line":22,"column":17},"end":{"line":22,"column":null}},"6":{"start":{"line":23,"column":2},"end":{"line":32,"column":null}},"7":{"start":{"line":24,"column":17},"end":{"line":24,"column":null}},"8":{"start":{"line":25,"column":4},"end":{"line":25,"column":null}},"9":{"start":{"line":25,"column":15},"end":{"line":25,"column":null}},"10":{"start":{"line":26,"column":17},"end":{"line":26,"column":null}},"11":{"start":{"line":27,"column":4},"end":{"line":27,"column":null}},"12":{"start":{"line":27,"column":28},"end":{"line":27,"column":null}},"13":{"start":{"line":28,"column":18},"end":{"line":28,"column":null}},"14":{"start":{"line":29,"column":17},"end":{"line":29,"column":null}},"15":{"start":{"line":30,"column":4},"end":{"line":30,"column":null}},"16":{"start":{"line":30,"column":27},"end":{"line":30,"column":null}},"17":{"start":{"line":31,"column":4},"end":{"line":31,"column":null}},"18":{"start":{"line":35,"column":32},"end":{"line":35,"column":null}},"19":{"start":{"line":36,"column":2},"end":{"line":61,"column":null}},"20":{"start":{"line":37,"column":4},"end":{"line":37,"column":null}},"21":{"start":{"line":37,"column":31},"end":{"line":37,"column":null}},"22":{"start":{"line":38,"column":4},"end":{"line":38,"column":null}},"23":{"start":{"line":38,"column":26},"end":{"line":38,"column":81}},"24":{"start":{"line":39,"column":18},"end":{"line":39,"column":null}},"25":{"start":{"line":40,"column":17},"end":{"line":40,"column":null}},"26":{"start":{"line":41,"column":23},"end":{"line":41,"column":null}},"27":{"start":{"line":42,"column":22},"end":{"line":42,"column":null}},"28":{"start":{"line":43,"column":21},"end":{"line":45,"column":null}},"29":{"start":{"line":46,"column":22},"end":{"line":46,"column":null}},"30":{"start":{"line":48,"column":4},"end":{"line":60,"column":null}},"31":{"start":{"line":55,"column":40},"end":{"line":59,"column":8}},"32":{"start":{"line":62,"column":2},"end":{"line":62,"column":null}},"33":{"start":{"line":70,"column":16},"end":{"line":70,"column":null}},"34":{"start":{"line":71,"column":2},"end":{"line":71,"column":null}},"35":{"start":{"line":71,"column":14},"end":{"line":71,"column":null}},"36":{"start":{"line":73,"column":32},"end":{"line":73,"column":null}},"37":{"start":{"line":74,"column":2},"end":{"line":119,"column":null}},"38":{"start":{"line":75,"column":18},"end":{"line":75,"column":null}},"39":{"start":{"line":76,"column":17},"end":{"line":76,"column":null}},"40":{"start":{"line":77,"column":4},"end":{"line":77,"column":null}},"41":{"start":{"line":77,"column":15},"end":{"line":77,"column":null}},"42":{"start":{"line":80,"column":17},"end":{"line":80,"column":null}},"43":{"start":{"line":81,"column":24},"end":{"line":81,"column":null}},"44":{"start":{"line":82,"column":26},"end":{"line":82,"column":null}},"45":{"start":{"line":83,"column":23},"end":{"line":83,"column":null}},"46":{"start":{"line":86,"column":25},"end":{"line":86,"column":null}},"47":{"start":{"line":87,"column":38},"end":{"line":101,"column":null}},"48":{"start":{"line":88,"column":24},"end":{"line":88,"column":null}},"49":{"start":{"line":89,"column":25},"end":{"line":89,"column":null}},"50":{"start":{"line":90,"column":24},"end":{"line":90,"column":null}},"51":{"start":{"line":91,"column":6},"end":{"line":91,"column":null}},"52":{"start":{"line":91,"column":22},"end":{"line":91,"column":null}},"53":{"start":{"line":92,"column":25},"end":{"line":92,"column":null}},"54":{"start":{"line":93,"column":6},"end":{"line":93,"column":null}},"55":{"start":{"line":93,"column":39},"end":{"line":93,"column":null}},"56":{"start":{"line":94,"column":17},"end":{"line":94,"column":null}},"57":{"start":{"line":95,"column":20},"end":{"line":98,"column":null}},"58":{"start":{"line":99,"column":19},"end":{"line":99,"column":null}},"59":{"start":{"line":99,"column":39},"end":{"line":99,"column":83}},"60":{"start":{"line":100,"column":6},"end":{"line":100,"column":null}},"61":{"start":{"line":103,"column":22},"end":{"line":103,"column":null}},"62":{"start":{"line":104,"column":25},"end":{"line":104,"column":null}},"63":{"start":{"line":105,"column":24},"end":{"line":105,"column":null}},"64":{"start":{"line":106,"column":22},"end":{"line":108,"column":null}},"65":{"start":{"line":110,"column":4},"end":{"line":118,"column":null}},"66":{"start":{"line":120,"column":2},"end":{"line":120,"column":null}},"67":{"start":{"line":131,"column":8},"end":{"line":133,"column":null}},"68":{"start":{"line":132,"column":11},"end":{"line":132,"column":null}},"69":{"start":{"line":134,"column":2},"end":{"line":134,"column":null}},"70":{"start":{"line":134,"column":30},"end":{"line":134,"column":null}},"71":{"start":{"line":136,"column":14},"end":{"line":136,"column":null}},"72":{"start":{"line":136,"column":43},"end":{"line":136,"column":86}},"73":{"start":{"line":137,"column":14},"end":{"line":137,"column":null}},"74":{"start":{"line":139,"column":2},"end":{"line":142,"column":null}},"75":{"start":{"line":140,"column":4},"end":{"line":140,"column":null}},"76":{"start":{"line":141,"column":4},"end":{"line":141,"column":null}},"77":{"start":{"line":143,"column":2},"end":{"line":143,"column":null}}},"fnMap":{"0":{"name":"decodeXmlEntities","decl":{"start":{"line":6,"column":9},"end":{"line":6,"column":27}},"loc":{"start":{"line":6,"column":49},"end":{"line":11,"column":null}},"line":6},"1":{"name":"isValidDate","decl":{"start":{"line":13,"column":9},"end":{"line":13,"column":21}},"loc":{"start":{"line":13,"column":41},"end":{"line":15,"column":null}},"line":13},"2":{"name":"parseRssIncidents","decl":{"start":{"line":17,"column":16},"end":{"line":17,"column":34}},"loc":{"start":{"line":17,"column":59},"end":{"line":63,"column":null}},"line":17},"3":{"name":"(anonymous_3)","decl":{"start":{"line":38,"column":16},"end":{"line":38,"column":17}},"loc":{"start":{"line":38,"column":26},"end":{"line":38,"column":81}},"line":38},"4":{"name":"(anonymous_4)","decl":{"start":{"line":55,"column":27},"end":{"line":55,"column":28}},"loc":{"start":{"line":55,"column":40},"end":{"line":59,"column":8}},"line":55},"5":{"name":"parseXaiRssIncidents","decl":{"start":{"line":69,"column":16},"end":{"line":69,"column":37}},"loc":{"start":{"line":69,"column":62},"end":{"line":121,"column":null}},"line":69},"6":{"name":"(anonymous_6)","decl":{"start":{"line":87,"column":59},"end":{"line":87,"column":60}},"loc":{"start":{"line":87,"column":70},"end":{"line":101,"column":5}},"line":87},"7":{"name":"(anonymous_7)","decl":{"start":{"line":99,"column":34},"end":{"line":99,"column":39}},"loc":{"start":{"line":99,"column":39},"end":{"line":99,"column":83}},"line":99},"8":{"name":"parseBetterStackUptime","decl":{"start":{"line":130,"column":16},"end":{"line":130,"column":39}},"loc":{"start":{"line":130,"column":78},"end":{"line":144,"column":null}},"line":130},"9":{"name":"(anonymous_9)","decl":{"start":{"line":132,"column":4},"end":{"line":132,"column":5}},"loc":{"start":{"line":132,"column":11},"end":{"line":132,"column":null}},"line":132},"10":{"name":"(anonymous_10)","decl":{"start":{"line":136,"column":31},"end":{"line":136,"column":32}},"loc":{"start":{"line":136,"column":43},"end":{"line":136,"column":86}},"line":136}},"branchMap":{"0":{"loc":{"start":{"line":19,"column":2},"end":{"line":19,"column":null}},"type":"if","locations":[{"start":{"line":19,"column":2},"end":{"line":19,"column":null}},{"start":{},"end":{}}],"line":19},"1":{"loc":{"start":{"line":25,"column":4},"end":{"line":25,"column":null}},"type":"if","locations":[{"start":{"line":25,"column":4},"end":{"line":25,"column":null}},{"start":{},"end":{}}],"line":25},"2":{"loc":{"start":{"line":26,"column":17},"end":{"line":26,"column":null}},"type":"binary-expr","locations":[{"start":{"line":26,"column":17},"end":{"line":26,"column":65}},{"start":{"line":26,"column":65},"end":{"line":26,"column":null}}],"line":26},"3":{"loc":{"start":{"line":27,"column":4},"end":{"line":27,"column":null}},"type":"if","locations":[{"start":{"line":27,"column":4},"end":{"line":27,"column":null}},{"start":{},"end":{}}],"line":27},"4":{"loc":{"start":{"line":28,"column":36},"end":{"line":28,"column":82}},"type":"binary-expr","locations":[{"start":{"line":28,"column":36},"end":{"line":28,"column":80}},{"start":{"line":28,"column":80},"end":{"line":28,"column":82}}],"line":28},"5":{"loc":{"start":{"line":29,"column":35},"end":{"line":29,"column":93}},"type":"binary-expr","locations":[{"start":{"line":29,"column":35},"end":{"line":29,"column":91}},{"start":{"line":29,"column":91},"end":{"line":29,"column":93}}],"line":29},"6":{"loc":{"start":{"line":30,"column":4},"end":{"line":30,"column":null}},"type":"if","locations":[{"start":{"line":30,"column":4},"end":{"line":30,"column":null}},{"start":{},"end":{}}],"line":30},"7":{"loc":{"start":{"line":37,"column":4},"end":{"line":37,"column":null}},"type":"if","locations":[{"start":{"line":37,"column":4},"end":{"line":37,"column":null}},{"start":{},"end":{}}],"line":37},"8":{"loc":{"start":{"line":43,"column":21},"end":{"line":45,"column":null}},"type":"cond-expr","locations":[{"start":{"line":43,"column":21},"end":{"line":44,"column":null}},{"start":{"line":45,"column":8},"end":{"line":45,"column":null}}],"line":43},"9":{"loc":{"start":{"line":49,"column":10},"end":{"line":49,"column":null}},"type":"binary-expr","locations":[{"start":{"line":49,"column":10},"end":{"line":49,"column":32}},{"start":{"line":49,"column":32},"end":{"line":49,"column":null}}],"line":49},"10":{"loc":{"start":{"line":50,"column":31},"end":{"line":50,"column":64}},"type":"cond-expr","locations":[{"start":{"line":50,"column":44},"end":{"line":50,"column":58}},{"start":{"line":50,"column":58},"end":{"line":50,"column":64}}],"line":50},"11":{"loc":{"start":{"line":51,"column":14},"end":{"line":51,"column":null}},"type":"cond-expr","locations":[{"start":{"line":51,"column":27},"end":{"line":51,"column":40}},{"start":{"line":51,"column":40},"end":{"line":51,"column":null}}],"line":51},"12":{"loc":{"start":{"line":56,"column":16},"end":{"line":56,"column":null}},"type":"cond-expr","locations":[{"start":{"line":56,"column":59},"end":{"line":56,"column":81}},{"start":{"line":56,"column":81},"end":{"line":56,"column":null}}],"line":56},"13":{"loc":{"start":{"line":56,"column":16},"end":{"line":56,"column":59}},"type":"binary-expr","locations":[{"start":{"line":56,"column":16},"end":{"line":56,"column":30}},{"start":{"line":56,"column":30},"end":{"line":56,"column":59}}],"line":56},"14":{"loc":{"start":{"line":57,"column":14},"end":{"line":57,"column":null}},"type":"binary-expr","locations":[{"start":{"line":57,"column":14},"end":{"line":57,"column":24}},{"start":{"line":57,"column":24},"end":{"line":57,"column":null}}],"line":57},"15":{"loc":{"start":{"line":71,"column":2},"end":{"line":71,"column":null}},"type":"if","locations":[{"start":{"line":71,"column":2},"end":{"line":71,"column":null}},{"start":{},"end":{}}],"line":71},"16":{"loc":{"start":{"line":75,"column":18},"end":{"line":75,"column":null}},"type":"binary-expr","locations":[{"start":{"line":75,"column":18},"end":{"line":75,"column":62}},{"start":{"line":75,"column":62},"end":{"line":75,"column":null}}],"line":75},"17":{"loc":{"start":{"line":76,"column":17},"end":{"line":76,"column":null}},"type":"binary-expr","locations":[{"start":{"line":76,"column":17},"end":{"line":76,"column":64}},{"start":{"line":76,"column":64},"end":{"line":76,"column":null}}],"line":76},"18":{"loc":{"start":{"line":77,"column":4},"end":{"line":77,"column":null}},"type":"if","locations":[{"start":{"line":77,"column":4},"end":{"line":77,"column":null}},{"start":{},"end":{}}],"line":77},"19":{"loc":{"start":{"line":80,"column":17},"end":{"line":80,"column":null}},"type":"binary-expr","locations":[{"start":{"line":80,"column":17},"end":{"line":80,"column":94}},{"start":{"line":80,"column":94},"end":{"line":80,"column":null}}],"line":80},"20":{"loc":{"start":{"line":86,"column":25},"end":{"line":86,"column":null}},"type":"binary-expr","locations":[{"start":{"line":86,"column":25},"end":{"line":86,"column":66}},{"start":{"line":86,"column":66},"end":{"line":86,"column":null}}],"line":86},"21":{"loc":{"start":{"line":91,"column":6},"end":{"line":91,"column":null}},"type":"if","locations":[{"start":{"line":91,"column":6},"end":{"line":91,"column":null}},{"start":{},"end":{}}],"line":91},"22":{"loc":{"start":{"line":93,"column":6},"end":{"line":93,"column":null}},"type":"if","locations":[{"start":{"line":93,"column":6},"end":{"line":93,"column":null}},{"start":{},"end":{}}],"line":93},"23":{"loc":{"start":{"line":95,"column":20},"end":{"line":98,"column":null}},"type":"cond-expr","locations":[{"start":{"line":95,"column":74},"end":{"line":95,"column":null}},{"start":{"line":96,"column":10},"end":{"line":98,"column":null}}],"line":95},"24":{"loc":{"start":{"line":96,"column":10},"end":{"line":98,"column":null}},"type":"cond-expr","locations":[{"start":{"line":96,"column":63},"end":{"line":96,"column":null}},{"start":{"line":97,"column":10},"end":{"line":98,"column":null}}],"line":96},"25":{"loc":{"start":{"line":97,"column":10},"end":{"line":98,"column":null}},"type":"cond-expr","locations":[{"start":{"line":97,"column":63},"end":{"line":97,"column":null}},{"start":{"line":98,"column":10},"end":{"line":98,"column":null}}],"line":97},"26":{"loc":{"start":{"line":99,"column":19},"end":{"line":99,"column":null}},"type":"binary-expr","locations":[{"start":{"line":99,"column":19},"end":{"line":99,"column":105}},{"start":{"line":99,"column":105},"end":{"line":99,"column":null}}],"line":99},"27":{"loc":{"start":{"line":103,"column":22},"end":{"line":103,"column":null}},"type":"cond-expr","locations":[{"start":{"line":103,"column":44},"end":{"line":103,"column":61}},{"start":{"line":103,"column":56},"end":{"line":103,"column":null}}],"line":103},"28":{"loc":{"start":{"line":104,"column":25},"end":{"line":104,"column":null}},"type":"cond-expr","locations":[{"start":{"line":104,"column":41},"end":{"line":104,"column":77}},{"start":{"line":104,"column":77},"end":{"line":104,"column":null}}],"line":104},"29":{"loc":{"start":{"line":105,"column":24},"end":{"line":105,"column":null}},"type":"cond-expr","locations":[{"start":{"line":105,"column":74},"end":{"line":105,"column":89}},{"start":{"line":105,"column":89},"end":{"line":105,"column":null}}],"line":105},"30":{"loc":{"start":{"line":105,"column":24},"end":{"line":105,"column":74}},"type":"binary-expr","locations":[{"start":{"line":105,"column":24},"end":{"line":105,"column":40}},{"start":{"line":105,"column":40},"end":{"line":105,"column":74}}],"line":105},"31":{"loc":{"start":{"line":106,"column":22},"end":{"line":108,"column":null}},"type":"cond-expr","locations":[{"start":{"line":106,"column":68},"end":{"line":107,"column":null}},{"start":{"line":108,"column":8},"end":{"line":108,"column":null}}],"line":106},"32":{"loc":{"start":{"line":106,"column":22},"end":{"line":106,"column":null}},"type":"binary-expr","locations":[{"start":{"line":106,"column":22},"end":{"line":106,"column":36}},{"start":{"line":106,"column":36},"end":{"line":106,"column":50}},{"start":{"line":106,"column":50},"end":{"line":106,"column":null}}],"line":106},"33":{"loc":{"start":{"line":113,"column":14},"end":{"line":113,"column":null}},"type":"cond-expr","locations":[{"start":{"line":113,"column":27},"end":{"line":113,"column":40}},{"start":{"line":113,"column":40},"end":{"line":113,"column":null}}],"line":113},"34":{"loc":{"start":{"line":131,"column":21},"end":{"line":131,"column":42}},"type":"binary-expr","locations":[{"start":{"line":131,"column":21},"end":{"line":131,"column":38}},{"start":{"line":131,"column":38},"end":{"line":131,"column":42}}],"line":131},"35":{"loc":{"start":{"line":132,"column":11},"end":{"line":132,"column":null}},"type":"binary-expr","locations":[{"start":{"line":132,"column":11},"end":{"line":132,"column":48}},{"start":{"line":132,"column":48},"end":{"line":132,"column":null}}],"line":132},"36":{"loc":{"start":{"line":134,"column":2},"end":{"line":134,"column":null}},"type":"if","locations":[{"start":{"line":134,"column":2},"end":{"line":134,"column":null}},{"start":{},"end":{}}],"line":134},"37":{"loc":{"start":{"line":139,"column":2},"end":{"line":142,"column":null}},"type":"if","locations":[{"start":{"line":139,"column":2},"end":{"line":142,"column":null}},{"start":{},"end":{}}],"line":139},"38":{"loc":{"start":{"line":139,"column":6},"end":{"line":139,"column":28}},"type":"binary-expr","locations":[{"start":{"line":139,"column":6},"end":{"line":139,"column":17}},{"start":{"line":139,"column":17},"end":{"line":139,"column":28}}],"line":139}},"s":{"0":28,"1":13,"2":4,"3":4,"4":1,"5":3,"6":3,"7":13,"8":13,"9":0,"10":13,"11":13,"12":0,"13":13,"14":13,"15":13,"16":12,"17":13,"18":3,"19":3,"20":8,"21":1,"22":7,"23":1,"24":7,"25":7,"26":7,"27":7,"28":7,"29":8,"30":8,"31":8,"32":3,"33":2,"34":2,"35":1,"36":1,"37":1,"38":1,"39":1,"40":1,"41":0,"42":1,"43":1,"44":1,"45":1,"46":1,"47":1,"48":2,"49":2,"50":2,"51":2,"52":0,"53":2,"54":2,"55":0,"56":2,"57":2,"58":2,"59":2,"60":2,"61":1,"62":1,"63":1,"64":1,"65":1,"66":1,"67":4,"68":4,"69":4,"70":2,"71":2,"72":3,"73":2,"74":2,"75":1,"76":1,"77":1},"f":{"0":28,"1":13,"2":4,"3":1,"4":8,"5":2,"6":2,"7":2,"8":4,"9":4,"10":3},"b":{"0":[1,3],"1":[0,13],"2":[13,0],"3":[0,13],"4":[13,0],"5":[13,0],"6":[12,1],"7":[1,7],"8":[1,6],"9":[8,0],"10":[1,6],"11":[1,6],"12":[1,7],"13":[8,2],"14":[8,0],"15":[1,1],"16":[1,0],"17":[1,0],"18":[0,1],"19":[1,0],"20":[1,0],"21":[0,2],"22":[0,2],"23":[1,1],"24":[0,1],"25":[0,1],"26":[2,0],"27":[1,0],"28":[1,0],"29":[1,0],"30":[1,1],"31":[1,0],"32":[1,1,1],"33":[1,0],"34":[4,1],"35":[4,3],"36":[2,2],"37":[1,1],"38":[2,2]},"meta":{"lastBranch":39,"lastFunction":11,"lastStatement":78,"seen":{"f:6:9:6:27":0,"s:7:2:10:Infinity":0,"f:13:9:13:21":1,"s:14:2:14:Infinity":1,"f:17:16:17:34":2,"s:18:16:18:Infinity":2,"b:19:2:19:Infinity:undefined:undefined:undefined:undefined":0,"s:19:2:19:Infinity":3,"s:19:14:19:Infinity":4,"s:22:17:22:Infinity":5,"s:23:2:32:Infinity":6,"s:24:17:24:Infinity":7,"b:25:4:25:Infinity:undefined:undefined:undefined:undefined":1,"s:25:4:25:Infinity":8,"s:25:15:25:Infinity":9,"s:26:17:26:Infinity":10,"b:26:17:26:65:26:65:26:Infinity":2,"b:27:4:27:Infinity:undefined:undefined:undefined:undefined":3,"s:27:4:27:Infinity":11,"s:27:28:27:Infinity":12,"s:28:18:28:Infinity":13,"b:28:36:28:80:28:80:28:82":4,"s:29:17:29:Infinity":14,"b:29:35:29:91:29:91:29:93":5,"b:30:4:30:Infinity:undefined:undefined:undefined:undefined":6,"s:30:4:30:Infinity":15,"s:30:27:30:Infinity":16,"s:31:4:31:Infinity":17,"s:35:32:35:Infinity":18,"s:36:2:61:Infinity":19,"b:37:4:37:Infinity:undefined:undefined:undefined:undefined":7,"s:37:4:37:Infinity":20,"s:37:31:37:Infinity":21,"s:38:4:38:Infinity":22,"f:38:16:38:17":3,"s:38:26:38:81":23,"s:39:18:39:Infinity":24,"s:40:17:40:Infinity":25,"s:41:23:41:Infinity":26,"s:42:22:42:Infinity":27,"s:43:21:45:Infinity":28,"b:43:21:44:Infinity:45:8:45:Infinity":8,"s:46:22:46:Infinity":29,"s:48:4:60:Infinity":30,"b:49:10:49:32:49:32:49:Infinity":9,"b:50:44:50:58:50:58:50:64":10,"b:51:27:51:40:51:40:51:Infinity":11,"f:55:27:55:28":4,"s:55:40:59:8":31,"b:56:59:56:81:56:81:56:Infinity":12,"b:56:16:56:30:56:30:56:59":13,"b:57:14:57:24:57:24:57:Infinity":14,"s:62:2:62:Infinity":32,"f:69:16:69:37":5,"s:70:16:70:Infinity":33,"b:71:2:71:Infinity:undefined:undefined:undefined:undefined":15,"s:71:2:71:Infinity":34,"s:71:14:71:Infinity":35,"s:73:32:73:Infinity":36,"s:74:2:119:Infinity":37,"s:75:18:75:Infinity":38,"b:75:18:75:62:75:62:75:Infinity":16,"s:76:17:76:Infinity":39,"b:76:17:76:64:76:64:76:Infinity":17,"b:77:4:77:Infinity:undefined:undefined:undefined:undefined":18,"s:77:4:77:Infinity":40,"s:77:15:77:Infinity":41,"s:80:17:80:Infinity":42,"b:80:17:80:94:80:94:80:Infinity":19,"s:81:24:81:Infinity":43,"s:82:26:82:Infinity":44,"s:83:23:83:Infinity":45,"s:86:25:86:Infinity":46,"b:86:25:86:66:86:66:86:Infinity":20,"s:87:38:101:Infinity":47,"f:87:59:87:60":6,"s:88:24:88:Infinity":48,"s:89:25:89:Infinity":49,"s:90:24:90:Infinity":50,"b:91:6:91:Infinity:undefined:undefined:undefined:undefined":21,"s:91:6:91:Infinity":51,"s:91:22:91:Infinity":52,"s:92:25:92:Infinity":53,"b:93:6:93:Infinity:undefined:undefined:undefined:undefined":22,"s:93:6:93:Infinity":54,"s:93:39:93:Infinity":55,"s:94:17:94:Infinity":56,"s:95:20:98:Infinity":57,"b:95:74:95:Infinity:96:10:98:Infinity":23,"b:96:63:96:Infinity:97:10:98:Infinity":24,"b:97:63:97:Infinity:98:10:98:Infinity":25,"s:99:19:99:Infinity":58,"b:99:19:99:105:99:105:99:Infinity":26,"f:99:34:99:39":7,"s:99:39:99:83":59,"s:100:6:100:Infinity":60,"s:103:22:103:Infinity":61,"b:103:44:103:61:103:56:103:Infinity":27,"s:104:25:104:Infinity":62,"b:104:41:104:77:104:77:104:Infinity":28,"s:105:24:105:Infinity":63,"b:105:74:105:89:105:89:105:Infinity":29,"b:105:24:105:40:105:40:105:74":30,"s:106:22:108:Infinity":64,"b:106:68:107:Infinity:108:8:108:Infinity":31,"b:106:22:106:36:106:36:106:50:106:50:106:Infinity":32,"s:110:4:118:Infinity":65,"b:113:27:113:40:113:40:113:Infinity":33,"s:120:2:120:Infinity":66,"f:130:16:130:39":8,"s:131:8:133:Infinity":67,"b:131:21:131:38:131:38:131:42":34,"f:132:4:132:5":9,"s:132:11:132:Infinity":68,"b:132:11:132:48:132:48:132:Infinity":35,"b:134:2:134:Infinity:undefined:undefined:undefined:undefined":36,"s:134:2:134:Infinity":69,"s:134:30:134:Infinity":70,"s:136:14:136:Infinity":71,"f:136:31:136:32":10,"s:136:43:136:86":72,"s:137:14:137:Infinity":73,"b:139:2:142:Infinity:undefined:undefined:undefined:undefined":37,"s:139:2:142:Infinity":74,"b:139:6:139:17:139:17:139:28":38,"s:140:4:140:Infinity":75,"s:141:4:141:Infinity":76,"s:143:2:143:Infinity":77}}}
,"/Users/bentley/Desktop/bentely/aiwatch/aiwatch/worker/src/parsers/gcloud.ts": {"path":"/Users/bentley/Desktop/bentely/aiwatch/aiwatch/worker/src/parsers/gcloud.ts","statementMap":{"0":{"start":{"line":18,"column":2},"end":{"line":57,"column":null}},"1":{"start":{"line":20,"column":7},"end":{"line":22,"column":null}},"2":{"start":{"line":26,"column":6},"end":{"line":56,"column":null}},"3":{"start":{"line":27,"column":25},"end":{"line":29,"column":null}},"4":{"start":{"line":30,"column":23},"end":{"line":30,"column":null}},"5":{"start":{"line":31,"column":14},"end":{"line":40,"column":null}},"6":{"start":{"line":32,"column":23},"end":{"line":39,"column":12}},"7":{"start":{"line":42,"column":23},"end":{"line":44,"column":null}},"8":{"start":{"line":45,"column":8},"end":{"line":55,"column":null}},"9":{"start":{"line":56,"column":16},"end":{"line":56,"column":26}}},"fnMap":{"0":{"name":"parseGCloudIncidents","decl":{"start":{"line":17,"column":16},"end":{"line":17,"column":37}},"loc":{"start":{"line":17,"column":116},"end":{"line":58,"column":null}},"line":17},"1":{"name":"(anonymous_1)","decl":{"start":{"line":19,"column":12},"end":{"line":19,"column":13}},"loc":{"start":{"line":20,"column":7},"end":{"line":22,"column":null}},"line":20},"2":{"name":"(anonymous_2)","decl":{"start":{"line":25,"column":13},"end":{"line":25,"column":14}},"loc":{"start":{"line":25,"column":22},"end":{"line":57,"column":5}},"line":25},"3":{"name":"(anonymous_3)","decl":{"start":{"line":32,"column":15},"end":{"line":32,"column":16}},"loc":{"start":{"line":32,"column":23},"end":{"line":39,"column":12}},"line":32}},"branchMap":{"0":{"loc":{"start":{"line":20,"column":7},"end":{"line":22,"column":null}},"type":"binary-expr","locations":[{"start":{"line":20,"column":7},"end":{"line":20,"column":20}},{"start":{"line":20,"column":20},"end":{"line":20,"column":null}},{"start":{"line":21,"column":6},"end":{"line":21,"column":null}},{"start":{"line":22,"column":6},"end":{"line":22,"column":null}}],"line":20},"1":{"loc":{"start":{"line":27,"column":25},"end":{"line":29,"column":null}},"type":"cond-expr","locations":[{"start":{"line":27,"column":29},"end":{"line":28,"column":null}},{"start":{"line":29,"column":12},"end":{"line":29,"column":null}}],"line":27},"2":{"loc":{"start":{"line":31,"column":43},"end":{"line":31,"column":null}},"type":"binary-expr","locations":[{"start":{"line":31,"column":43},"end":{"line":31,"column":58}},{"start":{"line":31,"column":58},"end":{"line":31,"column":null}}],"line":31},"3":{"loc":{"start":{"line":33,"column":19},"end":{"line":36,"column":null}},"type":"cond-expr","locations":[{"start":{"line":33,"column":46},"end":{"line":33,"column":null}},{"start":{"line":34,"column":16},"end":{"line":36,"column":null}}],"line":33},"4":{"loc":{"start":{"line":34,"column":16},"end":{"line":36,"column":null}},"type":"cond-expr","locations":[{"start":{"line":34,"column":52},"end":{"line":34,"column":null}},{"start":{"line":35,"column":16},"end":{"line":36,"column":null}}],"line":34},"5":{"loc":{"start":{"line":35,"column":16},"end":{"line":36,"column":null}},"type":"cond-expr","locations":[{"start":{"line":35,"column":53},"end":{"line":35,"column":null}},{"start":{"line":36,"column":16},"end":{"line":36,"column":null}}],"line":35},"6":{"loc":{"start":{"line":37,"column":18},"end":{"line":37,"column":null}},"type":"binary-expr","locations":[{"start":{"line":37,"column":18},"end":{"line":37,"column":99}},{"start":{"line":37,"column":99},"end":{"line":37,"column":null}}],"line":37},"7":{"loc":{"start":{"line":42,"column":23},"end":{"line":44,"column":null}},"type":"cond-expr","locations":[{"start":{"line":42,"column":49},"end":{"line":42,"column":null}},{"start":{"line":43,"column":12},"end":{"line":44,"column":null}}],"line":42},"8":{"loc":{"start":{"line":43,"column":12},"end":{"line":44,"column":null}},"type":"cond-expr","locations":[{"start":{"line":43,"column":40},"end":{"line":43,"column":null}},{"start":{"line":44,"column":12},"end":{"line":44,"column":null}}],"line":43},"9":{"loc":{"start":{"line":48,"column":18},"end":{"line":50,"column":null}},"type":"cond-expr","locations":[{"start":{"line":48,"column":43},"end":{"line":48,"column":null}},{"start":{"line":49,"column":14},"end":{"line":50,"column":null}}],"line":48},"10":{"loc":{"start":{"line":49,"column":14},"end":{"line":50,"column":null}},"type":"cond-expr","locations":[{"start":{"line":49,"column":48},"end":{"line":49,"column":null}},{"start":{"line":50,"column":14},"end":{"line":50,"column":null}}],"line":49}},"s":{"0":6,"1":17,"2":11,"3":11,"4":11,"5":11,"6":20,"7":11,"8":11,"9":0},"f":{"0":6,"1":17,"2":11,"3":20},"b":{"0":[17,15,3,2],"1":[11,0],"2":[11,0],"3":[10,10],"4":[10,0],"5":[0,0],"6":[20,0],"7":[1,10],"8":[10,0],"9":[11,0],"10":[0,0]},"meta":{"lastBranch":11,"lastFunction":4,"lastStatement":10,"seen":{"f:17:16:17:37":0,"s:18:2:57:Infinity":0,"f:19:12:19:13":1,"s:20:7:22:Infinity":1,"b:20:7:20:20:20:20:20:Infinity:21:6:21:Infinity:22:6:22:Infinity":0,"f:25:13:25:14":2,"s:26:6:56:Infinity":2,"s:27:25:29:Infinity":3,"b:27:29:28:Infinity:29:12:29:Infinity":1,"s:30:23:30:Infinity":4,"s:31:14:40:Infinity":5,"b:31:43:31:58:31:58:31:Infinity":2,"f:32:15:32:16":3,"s:32:23:39:12":6,"b:33:46:33:Infinity:34:16:36:Infinity":3,"b:34:52:34:Infinity:35:16:36:Infinity":4,"b:35:53:35:Infinity:36:16:36:Infinity":5,"b:37:18:37:99:37:99:37:Infinity":6,"s:42:23:44:Infinity":7,"b:42:49:42:Infinity:43:12:44:Infinity":7,"b:43:40:43:Infinity:44:12:44:Infinity":8,"s:45:8:55:Infinity":8,"b:48:43:48:Infinity:49:14:50:Infinity":9,"b:49:48:49:Infinity:50:14:50:Infinity":10,"s:56:16:56:26":9}}}
,"/Users/bentley/Desktop/bentely/aiwatch/aiwatch/worker/src/parsers/incident-io.ts": {"path":"/Users/bentley/Desktop/bentely/aiwatch/aiwatch/worker/src/parsers/incident-io.ts","statementMap":{"0":{"start":{"line":7,"column":17},"end":{"line":7,"column":null}},"1":{"start":{"line":8,"column":2},"end":{"line":25,"column":null}},"2":{"start":{"line":9,"column":4},"end":{"line":9,"column":null}},"3":{"start":{"line":9,"column":46},"end":{"line":9,"column":null}},"4":{"start":{"line":12,"column":15},"end":{"line":14,"column":null}},"5":{"start":{"line":15,"column":18},"end":{"line":15,"column":null}},"6":{"start":{"line":16,"column":4},"end":{"line":16,"column":null}},"7":{"start":{"line":16,"column":16},"end":{"line":16,"column":null}},"8":{"start":{"line":17,"column":16},"end":{"line":17,"column":null}},"9":{"start":{"line":18,"column":4},"end":{"line":18,"column":null}},"10":{"start":{"line":18,"column":44},"end":{"line":18,"column":null}},"11":{"start":{"line":19,"column":16},"end":{"line":19,"column":null}},"12":{"start":{"line":20,"column":4},"end":{"line":23,"column":null}},"13":{"start":{"line":21,"column":6},"end":{"line":21,"column":null}},"14":{"start":{"line":22,"column":6},"end":{"line":22,"column":null}},"15":{"start":{"line":24,"column":4},"end":{"line":24,"column":null}},"16":{"start":{"line":26,"column":2},"end":{"line":26,"column":null}},"17":{"start":{"line":30,"column":51},"end":{"line":30,"column":null}},"18":{"start":{"line":31,"column":17},"end":{"line":31,"column":null}},"19":{"start":{"line":32,"column":2},"end":{"line":83,"column":null}},"20":{"start":{"line":33,"column":4},"end":{"line":33,"column":null}},"21":{"start":{"line":33,"column":46},"end":{"line":33,"column":null}},"22":{"start":{"line":35,"column":17},"end":{"line":35,"column":null}},"23":{"start":{"line":36,"column":17},"end":{"line":36,"column":null}},"24":{"start":{"line":37,"column":4},"end":{"line":37,"column":null}},"25":{"start":{"line":37,"column":52},"end":{"line":37,"column":null}},"26":{"start":{"line":38,"column":20},"end":{"line":38,"column":null}},"27":{"start":{"line":39,"column":21},"end":{"line":39,"column":null}},"28":{"start":{"line":40,"column":19},"end":{"line":40,"column":null}},"29":{"start":{"line":41,"column":4},"end":{"line":41,"column":null}},"30":{"start":{"line":41,"column":42},"end":{"line":41,"column":null}},"31":{"start":{"line":42,"column":14},"end":{"line":42,"column":null}},"32":{"start":{"line":44,"column":4},"end":{"line":44,"column":null}},"33":{"start":{"line":45,"column":4},"end":{"line":45,"column":null}},"34":{"start":{"line":47,"column":4},"end":{"line":81,"column":null}},"35":{"start":{"line":48,"column":22},"end":{"line":48,"column":null}},"36":{"start":{"line":52,"column":19},"end":{"line":52,"column":null}},"37":{"start":{"line":52,"column":41},"end":{"line":52,"column":71}},"38":{"start":{"line":53,"column":6},"end":{"line":78,"column":null}},"39":{"start":{"line":54,"column":22},"end":{"line":54,"column":null}},"40":{"start":{"line":55,"column":20},"end":{"line":55,"column":null}},"41":{"start":{"line":56,"column":8},"end":{"line":56,"column":null}},"42":{"start":{"line":56,"column":60},"end":{"line":56,"column":null}},"43":{"start":{"line":58,"column":8},"end":{"line":58,"column":null}},"44":{"start":{"line":58,"column":55},"end":{"line":58,"column":null}},"45":{"start":{"line":62,"column":10},"end":{"line":64,"column":null}},"46":{"start":{"line":67,"column":22},"end":{"line":67,"column":null}},"47":{"start":{"line":68,"column":25},"end":{"line":68,"column":null}},"48":{"start":{"line":69,"column":23},"end":{"line":69,"column":null}},"49":{"start":{"line":70,"column":8},"end":{"line":77,"column":null}},"50":{"start":{"line":70,"column":21},"end":{"line":70,"column":31}},"51":{"start":{"line":71,"column":26},"end":{"line":71,"column":null}},"52":{"start":{"line":73,"column":27},"end":{"line":73,"column":null}},"53":{"start":{"line":74,"column":10},"end":{"line":76,"column":null}},"54":{"start":{"line":75,"column":12},"end":{"line":75,"column":null}},"55":{"start":{"line":80,"column":6},"end":{"line":80,"column":null}},"56":{"start":{"line":82,"column":4},"end":{"line":82,"column":null}},"57":{"start":{"line":84,"column":2},"end":{"line":84,"column":null}},"58":{"start":{"line":89,"column":2},"end":{"line":89,"column":null}},"59":{"start":{"line":89,"column":30},"end":{"line":89,"column":null}},"60":{"start":{"line":91,"column":14},"end":{"line":91,"column":null}},"61":{"start":{"line":92,"column":19},"end":{"line":92,"column":null}},"62":{"start":{"line":93,"column":22},"end":{"line":93,"column":null}},"63":{"start":{"line":96,"column":59},"end":{"line":96,"column":null}},"64":{"start":{"line":97,"column":2},"end":{"line":132,"column":null}},"65":{"start":{"line":98,"column":18},"end":{"line":98,"column":null}},"66":{"start":{"line":99,"column":4},"end":{"line":99,"column":null}},"67":{"start":{"line":99,"column":22},"end":{"line":99,"column":null}},"68":{"start":{"line":102,"column":4},"end":{"line":126,"column":null}},"69":{"start":{"line":103,"column":20},"end":{"line":103,"column":null}},"70":{"start":{"line":104,"column":19},"end":{"line":104,"column":null}},"71":{"start":{"line":105,"column":6},"end":{"line":105,"column":null}},"72":{"start":{"line":107,"column":6},"end":{"line":113,"column":null}},"73":{"start":{"line":108,"column":30},"end":{"line":108,"column":null}},"74":{"start":{"line":108,"column":55},"end":{"line":108,"column":77}},"75":{"start":{"line":109,"column":8},"end":{"line":112,"column":null}},"76":{"start":{"line":110,"column":29},"end":{"line":110,"column":null}},"77":{"start":{"line":111,"column":10},"end":{"line":111,"column":null}},"78":{"start":{"line":111,"column":56},"end":{"line":111,"column":null}},"79":{"start":{"line":114,"column":4},"end":{"line":126,"column":null}},"80":{"start":{"line":116,"column":28},"end":{"line":116,"column":null}},"81":{"start":{"line":116,"column":53},"end":{"line":116,"column":75}},"82":{"start":{"line":117,"column":6},"end":{"line":123,"column":null}},"83":{"start":{"line":118,"column":27},"end":{"line":118,"column":null}},"84":{"start":{"line":119,"column":8},"end":{"line":120,"column":null}},"85":{"start":{"line":119,"column":54},"end":{"line":119,"column":null}},"86":{"start":{"line":120,"column":13},"end":{"line":120,"column":null}},"87":{"start":{"line":122,"column":8},"end":{"line":122,"column":null}},"88":{"start":{"line":125,"column":6},"end":{"line":125,"column":null}},"89":{"start":{"line":129,"column":4},"end":{"line":131,"column":null}},"90":{"start":{"line":130,"column":6},"end":{"line":130,"column":null}},"91":{"start":{"line":135,"column":2},"end":{"line":135,"column":null}},"92":{"start":{"line":135,"column":30},"end":{"line":135,"column":null}},"93":{"start":{"line":136,"column":2},"end":{"line":136,"column":null}},"94":{"start":{"line":136,"column":27},"end":{"line":136,"column":44}},"95":{"start":{"line":137,"column":22},"end":{"line":137,"column":null}},"96":{"start":{"line":138,"column":17},"end":{"line":138,"column":null}},"97":{"start":{"line":139,"column":15},"end":{"line":139,"column":null}},"98":{"start":{"line":140,"column":2},"end":{"line":148,"column":null}},"99":{"start":{"line":140,"column":15},"end":{"line":140,"column":18}},"100":{"start":{"line":141,"column":4},"end":{"line":147,"column":null}},"101":{"start":{"line":142,"column":6},"end":{"line":142,"column":null}},"102":{"start":{"line":144,"column":6},"end":{"line":144,"column":null}},"103":{"start":{"line":145,"column":6},"end":{"line":145,"column":null}},"104":{"start":{"line":146,"column":6},"end":{"line":146,"column":null}},"105":{"start":{"line":149,"column":2},"end":{"line":149,"column":null}},"106":{"start":{"line":151,"column":2},"end":{"line":151,"column":null}},"107":{"start":{"line":161,"column":38},"end":{"line":161,"column":null}},"108":{"start":{"line":162,"column":17},"end":{"line":162,"column":null}},"109":{"start":{"line":163,"column":2},"end":{"line":180,"column":null}},"110":{"start":{"line":165,"column":15},"end":{"line":165,"column":null}},"111":{"start":{"line":167,"column":4},"end":{"line":179,"column":null}},"112":{"start":{"line":168,"column":40},"end":{"line":168,"column":null}},"113":{"start":{"line":169,"column":6},"end":{"line":169,"column":null}},"114":{"start":{"line":169,"column":20},"end":{"line":169,"column":null}},"115":{"start":{"line":172,"column":6},"end":{"line":172,"column":null}},"116":{"start":{"line":172,"column":12},"end":{"line":172,"column":46}},"117":{"start":{"line":172,"column":56},"end":{"line":172,"column":71}},"118":{"start":{"line":174,"column":8},"end":{"line":177,"column":null}},"119":{"start":{"line":178,"column":6},"end":{"line":178,"column":null}},"120":{"start":{"line":181,"column":2},"end":{"line":181,"column":null}},"121":{"start":{"line":190,"column":18},"end":{"line":197,"column":null}},"122":{"start":{"line":192,"column":6},"end":{"line":195,"column":null}},"123":{"start":{"line":193,"column":8},"end":{"line":193,"column":null}},"124":{"start":{"line":194,"column":8},"end":{"line":194,"column":null}},"125":{"start":{"line":198,"column":14},"end":{"line":198,"column":null}},"126":{"start":{"line":199,"column":2},"end":{"line":212,"column":null}},"127":{"start":{"line":200,"column":4},"end":{"line":200,"column":null}},"128":{"start":{"line":200,"column":14},"end":{"line":200,"column":null}},"129":{"start":{"line":201,"column":4},"end":{"line":211,"column":null}},"130":{"start":{"line":202,"column":21},"end":{"line":202,"column":null}},"131":{"start":{"line":204,"column":6},"end":{"line":208,"column":null}},"132":{"start":{"line":205,"column":8},"end":{"line":205,"column":null}},"133":{"start":{"line":207,"column":8},"end":{"line":207,"column":null}},"134":{"start":{"line":210,"column":6},"end":{"line":210,"column":null}},"135":{"start":{"line":213,"column":2},"end":{"line":213,"column":null}},"136":{"start":{"line":217,"column":2},"end":{"line":225,"column":null}},"137":{"start":{"line":220,"column":6},"end":{"line":220,"column":null}},"138":{"start":{"line":220,"column":31},"end":{"line":220,"column":null}},"139":{"start":{"line":221,"column":21},"end":{"line":221,"column":null}},"140":{"start":{"line":223,"column":6},"end":{"line":223,"column":null}},"141":{"start":{"line":229,"column":51},"end":{"line":229,"column":null}},"142":{"start":{"line":230,"column":2},"end":{"line":230,"column":null}},"143":{"start":{"line":230,"column":36},"end":{"line":230,"column":null}},"144":{"start":{"line":231,"column":2},"end":{"line":231,"column":null}},"145":{"start":{"line":240,"column":25},"end":{"line":240,"column":null}},"146":{"start":{"line":241,"column":20},"end":{"line":241,"column":null}},"147":{"start":{"line":241,"column":46},"end":{"line":241,"column":79}},"148":{"start":{"line":241,"column":71},"end":{"line":241,"column":78}},"149":{"start":{"line":242,"column":2},"end":{"line":250,"column":null}},"150":{"start":{"line":243,"column":21},"end":{"line":243,"column":null}},"151":{"start":{"line":243,"column":74},"end":{"line":243,"column":78}},"152":{"start":{"line":244,"column":4},"end":{"line":249,"column":null}},"153":{"start":{"line":245,"column":6},"end":{"line":248,"column":null}},"154":{"start":{"line":246,"column":23},"end":{"line":246,"column":null}},"155":{"start":{"line":247,"column":8},"end":{"line":247,"column":null}},"156":{"start":{"line":255,"column":19},"end":{"line":262,"column":null}},"157":{"start":{"line":256,"column":21},"end":{"line":256,"column":54}},"158":{"start":{"line":256,"column":46},"end":{"line":256,"column":53}},"159":{"start":{"line":258,"column":12},"end":{"line":258,"column":null}},"160":{"start":{"line":259,"column":6},"end":{"line":259,"column":null}},"161":{"start":{"line":259,"column":30},"end":{"line":259,"column":null}},"162":{"start":{"line":260,"column":6},"end":{"line":260,"column":null}},"163":{"start":{"line":264,"column":2},"end":{"line":264,"column":null}},"164":{"start":{"line":264,"column":29},"end":{"line":264,"column":null}},"165":{"start":{"line":266,"column":19},"end":{"line":266,"column":null}},"166":{"start":{"line":267,"column":2},"end":{"line":359,"column":null}},"167":{"start":{"line":268,"column":4},"end":{"line":358,"column":null}},"168":{"start":{"line":269,"column":18},"end":{"line":269,"column":null}},"169":{"start":{"line":270,"column":18},"end":{"line":270,"column":null}},"170":{"start":{"line":271,"column":6},"end":{"line":274,"column":null}},"171":{"start":{"line":272,"column":8},"end":{"line":272,"column":null}},"172":{"start":{"line":273,"column":8},"end":{"line":273,"column":null}},"173":{"start":{"line":275,"column":19},"end":{"line":275,"column":null}},"174":{"start":{"line":276,"column":25},"end":{"line":276,"column":null}},"175":{"start":{"line":277,"column":6},"end":{"line":280,"column":null}},"176":{"start":{"line":278,"column":8},"end":{"line":278,"column":null}},"177":{"start":{"line":279,"column":8},"end":{"line":279,"column":null}},"178":{"start":{"line":285,"column":25},"end":{"line":285,"column":null}},"179":{"start":{"line":285,"column":49},"end":{"line":285,"column":73}},"180":{"start":{"line":286,"column":26},"end":{"line":286,"column":null}},"181":{"start":{"line":287,"column":26},"end":{"line":287,"column":null}},"182":{"start":{"line":288,"column":22},"end":{"line":291,"column":null}},"183":{"start":{"line":289,"column":18},"end":{"line":289,"column":null}},"184":{"start":{"line":290,"column":8},"end":{"line":290,"column":null}},"185":{"start":{"line":292,"column":6},"end":{"line":295,"column":null}},"186":{"start":{"line":293,"column":8},"end":{"line":293,"column":null}},"187":{"start":{"line":294,"column":8},"end":{"line":294,"column":null}},"188":{"start":{"line":297,"column":50},"end":{"line":297,"column":null}},"189":{"start":{"line":298,"column":32},"end":{"line":298,"column":null}},"190":{"start":{"line":300,"column":41},"end":{"line":333,"column":null}},"191":{"start":{"line":303,"column":10},"end":{"line":303,"column":null}},"192":{"start":{"line":303,"column":26},"end":{"line":303,"column":null}},"193":{"start":{"line":304,"column":26},"end":{"line":304,"column":null}},"194":{"start":{"line":306,"column":27},"end":{"line":310,"column":null}},"195":{"start":{"line":307,"column":12},"end":{"line":309,"column":null}},"196":{"start":{"line":311,"column":10},"end":{"line":314,"column":null}},"197":{"start":{"line":312,"column":12},"end":{"line":312,"column":null}},"198":{"start":{"line":313,"column":12},"end":{"line":313,"column":null}},"199":{"start":{"line":319,"column":29},"end":{"line":326,"column":null}},"200":{"start":{"line":320,"column":28},"end":{"line":320,"column":37}},"201":{"start":{"line":322,"column":14},"end":{"line":322,"column":null}},"202":{"start":{"line":322,"column":44},"end":{"line":322,"column":null}},"203":{"start":{"line":323,"column":27},"end":{"line":323,"column":null}},"204":{"start":{"line":324,"column":14},"end":{"line":324,"column":null}},"205":{"start":{"line":326,"column":28},"end":{"line":326,"column":123}},"206":{"start":{"line":327,"column":10},"end":{"line":330,"column":null}},"207":{"start":{"line":328,"column":12},"end":{"line":328,"column":null}},"208":{"start":{"line":329,"column":12},"end":{"line":329,"column":null}},"209":{"start":{"line":331,"column":10},"end":{"line":331,"column":null}},"210":{"start":{"line":334,"column":6},"end":{"line":334,"column":null}},"211":{"start":{"line":341,"column":6},"end":{"line":350,"column":null}},"212":{"start":{"line":342,"column":20},"end":{"line":342,"column":null}},"213":{"start":{"line":343,"column":8},"end":{"line":349,"column":null}},"214":{"start":{"line":344,"column":26},"end":{"line":344,"column":null}},"215":{"start":{"line":345,"column":10},"end":{"line":346,"column":null}},"216":{"start":{"line":346,"column":28},"end":{"line":346,"column":93}},"217":{"start":{"line":348,"column":10},"end":{"line":348,"column":null}},"218":{"start":{"line":352,"column":24},"end":{"line":352,"column":null}},"219":{"start":{"line":353,"column":6},"end":{"line":357,"column":null}},"220":{"start":{"line":354,"column":8},"end":{"line":354,"column":null}},"221":{"start":{"line":356,"column":8},"end":{"line":356,"column":null}},"222":{"start":{"line":361,"column":2},"end":{"line":361,"column":null}},"223":{"start":{"line":361,"column":39},"end":{"line":361,"column":66}}},"fnMap":{"0":{"name":"parseIncidentIoUptime","decl":{"start":{"line":6,"column":16},"end":{"line":6,"column":38}},"loc":{"start":{"line":6,"column":88},"end":{"line":27,"column":null}},"line":6},"1":{"name":"parseIncidentIoComponentImpacts","decl":{"start":{"line":29,"column":16},"end":{"line":29,"column":48}},"loc":{"start":{"line":29,"column":117},"end":{"line":85,"column":null}},"line":29},"2":{"name":"(anonymous_2)","decl":{"start":{"line":52,"column":34},"end":{"line":52,"column":35}},"loc":{"start":{"line":52,"column":41},"end":{"line":52,"column":71}},"line":52},"3":{"name":"computeUptimeFromIncidents","decl":{"start":{"line":87,"column":16},"end":{"line":87,"column":43}},"loc":{"start":{"line":87,"column":81},"end":{"line":152,"column":null}},"line":87},"4":{"name":"(anonymous_4)","decl":{"start":{"line":108,"column":48},"end":{"line":108,"column":49}},"loc":{"start":{"line":108,"column":55},"end":{"line":108,"column":77}},"line":108},"5":{"name":"(anonymous_5)","decl":{"start":{"line":116,"column":46},"end":{"line":116,"column":47}},"loc":{"start":{"line":116,"column":53},"end":{"line":116,"column":75}},"line":116},"6":{"name":"(anonymous_6)","decl":{"start":{"line":136,"column":17},"end":{"line":136,"column":18}},"loc":{"start":{"line":136,"column":27},"end":{"line":136,"column":44}},"line":136},"7":{"name":"parseIncidentIoUpdates","decl":{"start":{"line":160,"column":16},"end":{"line":160,"column":39}},"loc":{"start":{"line":160,"column":73},"end":{"line":182,"column":null}},"line":160},"8":{"name":"readIncidentTextCache","decl":{"start":{"line":189,"column":15},"end":{"line":189,"column":37}},"loc":{"start":{"line":189,"column":118},"end":{"line":214,"column":null}},"line":189},"9":{"name":"(anonymous_9)","decl":{"start":{"line":191,"column":20},"end":{"line":191,"column":21}},"loc":{"start":{"line":192,"column":6},"end":{"line":195,"column":null}},"line":192},"10":{"name":"(anonymous_10)","decl":{"start":{"line":192,"column":36},"end":{"line":192,"column":37}},"loc":{"start":{"line":192,"column":45},"end":{"line":195,"column":7}},"line":192},"11":{"name":"(anonymous_11)","decl":{"start":{"line":199,"column":18},"end":{"line":199,"column":19}},"loc":{"start":{"line":199,"column":30},"end":{"line":212,"column":3}},"line":199},"12":{"name":"applyTextCache","decl":{"start":{"line":216,"column":16},"end":{"line":216,"column":31}},"loc":{"start":{"line":216,"column":82},"end":{"line":226,"column":null}},"line":216},"13":{"name":"(anonymous_13)","decl":{"start":{"line":219,"column":31},"end":{"line":219,"column":32}},"loc":{"start":{"line":219,"column":42},"end":{"line":224,"column":5}},"line":219},"14":{"name":"buildTextCache","decl":{"start":{"line":228,"column":16},"end":{"line":228,"column":31}},"loc":{"start":{"line":228,"column":65},"end":{"line":232,"column":null}},"line":228},"15":{"name":"enrichIncidentIoText","decl":{"start":{"line":237,"column":22},"end":{"line":237,"column":43}},"loc":{"start":{"line":237,"column":153},"end":{"line":362,"column":null}},"line":237},"16":{"name":"(anonymous_16)","decl":{"start":{"line":241,"column":37},"end":{"line":241,"column":38}},"loc":{"start":{"line":241,"column":46},"end":{"line":241,"column":79}},"line":241},"17":{"name":"(anonymous_17)","decl":{"start":{"line":241,"column":64},"end":{"line":241,"column":65}},"loc":{"start":{"line":241,"column":71},"end":{"line":241,"column":78}},"line":241},"18":{"name":"(anonymous_18)","decl":{"start":{"line":243,"column":67},"end":{"line":243,"column":68}},"loc":{"start":{"line":243,"column":74},"end":{"line":243,"column":78}},"line":243},"19":{"name":"(anonymous_19)","decl":{"start":{"line":245,"column":39},"end":{"line":245,"column":40}},"loc":{"start":{"line":245,"column":48},"end":{"line":248,"column":7}},"line":245},"20":{"name":"(anonymous_20)","decl":{"start":{"line":256,"column":12},"end":{"line":256,"column":13}},"loc":{"start":{"line":256,"column":21},"end":{"line":256,"column":54}},"line":256},"21":{"name":"(anonymous_21)","decl":{"start":{"line":256,"column":39},"end":{"line":256,"column":40}},"loc":{"start":{"line":256,"column":46},"end":{"line":256,"column":53}},"line":256},"22":{"name":"(anonymous_22)","decl":{"start":{"line":257,"column":10},"end":{"line":257,"column":11}},"loc":{"start":{"line":257,"column":20},"end":{"line":261,"column":5}},"line":257},"23":{"name":"(anonymous_23)","decl":{"start":{"line":267,"column":33},"end":{"line":267,"column":40}},"loc":{"start":{"line":267,"column":48},"end":{"line":359,"column":3}},"line":267},"24":{"name":"(anonymous_24)","decl":{"start":{"line":285,"column":42},"end":{"line":285,"column":43}},"loc":{"start":{"line":285,"column":49},"end":{"line":285,"column":73}},"line":285},"25":{"name":"(anonymous_25)","decl":{"start":{"line":288,"column":40},"end":{"line":288,"column":41}},"loc":{"start":{"line":288,"column":47},"end":{"line":291,"column":7}},"line":288},"26":{"name":"(anonymous_26)","decl":{"start":{"line":302,"column":35},"end":{"line":302,"column":36}},"loc":{"start":{"line":302,"column":46},"end":{"line":332,"column":9}},"line":302},"27":{"name":"(anonymous_27)","decl":{"start":{"line":306,"column":45},"end":{"line":306,"column":46}},"loc":{"start":{"line":307,"colu
[...]
,"/Users/bentley/Desktop/bentely/aiwatch/aiwatch/worker/src/parsers/statuspage.ts": {"path":"/Users/bentley/Desktop/bentely/aiwatch/aiwatch/worker/src/parsers/statuspage.ts","statementMap":{"0":{"start":{"line":26,"column":2},"end":{"line":40,"column":null}},"1":{"start":{"line":29,"column":6},"end":{"line":29,"column":null}},"2":{"start":{"line":33,"column":6},"end":{"line":33,"column":null}},"3":{"start":{"line":37,"column":6},"end":{"line":37,"column":null}},"4":{"start":{"line":39,"column":6},"end":{"line":39,"column":null}},"5":{"start":{"line":44,"column":2},"end":{"line":87,"column":null}},"6":{"start":{"line":45,"column":21},"end":{"line":47,"column":null}},"7":{"start":{"line":48,"column":10},"end":{"line":57,"column":null}},"8":{"start":{"line":49,"column":19},"end":{"line":56,"column":8}},"9":{"start":{"line":59,"column":17},"end":{"line":59,"column":null}},"10":{"start":{"line":60,"column":21},"end":{"line":65,"column":null}},"11":{"start":{"line":61,"column":18},"end":{"line":61,"column":null}},"12":{"start":{"line":62,"column":6},"end":{"line":62,"column":null}},"13":{"start":{"line":62,"column":25},"end":{"line":62,"column":null}},"14":{"start":{"line":63,"column":6},"end":{"line":63,"column":null}},"15":{"start":{"line":64,"column":6},"end":{"line":64,"column":null}},"16":{"start":{"line":67,"column":19},"end":{"line":70,"column":null}},"17":{"start":{"line":72,"column":27},"end":{"line":72,"column":null}},"18":{"start":{"line":72,"column":54},"end":{"line":72,"column":60}},"19":{"start":{"line":74,"column":4},"end":{"line":86,"column":null}},"20":{"start":{"line":103,"column":35},"end":{"line":103,"column":null}},"21":{"start":{"line":105,"column":17},"end":{"line":105,"column":null}},"22":{"start":{"line":106,"column":19},"end":{"line":106,"column":null}},"23":{"start":{"line":107,"column":2},"end":{"line":107,"column":null}},"24":{"start":{"line":107,"column":23},"end":{"line":107,"column":null}},"25":{"start":{"line":108,"column":20},"end":{"line":108,"column":null}},"26":{"start":{"line":109,"column":14},"end":{"line":109,"column":null}},"27":{"start":{"line":110,"column":16},"end":{"line":110,"column":null}},"28":{"start":{"line":111,"column":2},"end":{"line":114,"column":null}},"29":{"start":{"line":111,"column":15},"end":{"line":111,"column":26}},"30":{"start":{"line":112,"column":4},"end":{"line":113,"column":null}},"31":{"start":{"line":112,"column":25},"end":{"line":112,"column":null}},"32":{"start":{"line":112,"column":25},"end":{"line":113,"column":null}},"33":{"start":{"line":113,"column":32},"end":{"line":113,"column":41}},"34":{"start":{"line":113,"column":41},"end":{"line":113,"column":85}},"35":{"start":{"line":113,"column":60},"end":{"line":113,"column":77}},"36":{"start":{"line":113,"column":77},"end":{"line":113,"column":83}},"37":{"start":{"line":115,"column":2},"end":{"line":115,"column":null}},"38":{"start":{"line":115,"column":22},"end":{"line":115,"column":null}},"39":{"start":{"line":116,"column":2},"end":{"line":144,"column":null}},"40":{"start":{"line":118,"column":17},"end":{"line":118,"column":null}},"41":{"start":{"line":119,"column":17},"end":{"line":119,"column":null}},"42":{"start":{"line":120,"column":4},"end":{"line":120,"column":null}},"43":{"start":{"line":120,"column":50},"end":{"line":120,"column":null}},"44":{"start":{"line":122,"column":27},"end":{"line":122,"column":null}},"45":{"start":{"line":123,"column":20},"end":{"line":123,"column":null}},"46":{"start":{"line":125,"column":4},"end":{"line":136,"column":null}},"47":{"start":{"line":126,"column":6},"end":{"line":126,"column":null}},"48":{"start":{"line":126,"column":21},"end":{"line":126,"column":null}},"49":{"start":{"line":128,"column":6},"end":{"line":128,"column":null}},"50":{"start":{"line":128,"column":37},"end":{"line":128,"column":null}},"51":{"start":{"line":129,"column":6},"end":{"line":129,"column":null}},"52":{"start":{"line":129,"column":24},"end":{"line":129,"column":null}},"53":{"start":{"line":130,"column":16},"end":{"line":130,"column":null}},"54":{"start":{"line":131,"column":16},"end":{"line":131,"column":null}},"55":{"start":{"line":133,"column":6},"end":{"line":133,"column":null}},"56":{"start":{"line":134,"column":6},"end":{"line":135,"column":null}},"57":{"start":{"line":134,"column":26},"end":{"line":134,"column":null}},"58":{"start":{"line":134,"column":57},"end":{"line":135,"column":null}},"59":{"start":{"line":135,"column":31},"end":{"line":135,"column":null}},"60":{"start":{"line":139,"column":4},"end":{"line":141,"column":null}},"61":{"start":{"line":140,"column":6},"end":{"line":140,"column":null}},"62":{"start":{"line":143,"column":4},"end":{"line":143,"column":null}},"63":{"start":{"line":145,"column":2},"end":{"line":145,"column":null}}},"fnMap":{"0":{"name":"normalizeStatus","decl":{"start":{"line":25,"column":16},"end":{"line":25,"column":32}},"loc":{"start":{"line":25,"column":88},"end":{"line":41,"column":null}},"line":25},"1":{"name":"parseIncidents","decl":{"start":{"line":43,"column":16},"end":{"line":43,"column":31}},"loc":{"start":{"line":43,"column":69},"end":{"line":88,"column":null}},"line":43},"2":{"name":"(anonymous_2)","decl":{"start":{"line":44,"column":36},"end":{"line":44,"column":37}},"loc":{"start":{"line":44,"column":45},"end":{"line":87,"column":3}},"line":44},"3":{"name":"(anonymous_3)","decl":{"start":{"line":49,"column":11},"end":{"line":49,"column":12}},"loc":{"start":{"line":49,"column":19},"end":{"line":56,"column":8}},"line":49},"4":{"name":"(anonymous_4)","decl":{"start":{"line":60,"column":40},"end":{"line":60,"column":41}},"loc":{"start":{"line":60,"column":47},"end":{"line":65,"column":5}},"line":60},"5":{"name":"(anonymous_5)","decl":{"start":{"line":72,"column":47},"end":{"line":72,"column":48}},"loc":{"start":{"line":72,"column":54},"end":{"line":72,"column":60}},"line":72},"6":{"name":"parseUptimeData","decl":{"start":{"line":102,"column":16},"end":{"line":102,"column":32}},"loc":{"start":{"line":102,"column":85},"end":{"line":146,"column":null}},"line":102}},"branchMap":{"0":{"loc":{"start":{"line":26,"column":2},"end":{"line":40,"column":null}},"type":"switch","locations":[{"start":{"line":27,"column":4},"end":{"line":27,"column":null}},{"start":{"line":28,"column":4},"end":{"line":29,"column":null}},{"start":{"line":30,"column":4},"end":{"line":30,"column":null}},{"start":{"line":31,"column":4},"end":{"line":31,"column":null}},{"start":{"line":32,"column":4},"end":{"line":33,"column":null}},{"start":{"line":34,"column":4},"end":{"line":34,"column":null}},{"start":{"line":35,"column":4},"end":{"line":35,"column":null}},{"start":{"line":36,"column":4},"end":{"line":37,"column":null}},{"start":{"line":38,"column":4},"end":{"line":39,"column":null}}],"line":26},"1":{"loc":{"start":{"line":44,"column":10},"end":{"line":44,"column":32}},"type":"binary-expr","locations":[{"start":{"line":44,"column":10},"end":{"line":44,"column":28}},{"start":{"line":44,"column":28},"end":{"line":44,"column":32}}],"line":44},"2":{"loc":{"start":{"line":45,"column":21},"end":{"line":47,"column":null}},"type":"cond-expr","locations":[{"start":{"line":45,"column":25},"end":{"line":46,"column":null}},{"start":{"line":47,"column":8},"end":{"line":47,"column":null}}],"line":45},"3":{"loc":{"start":{"line":48,"column":42},"end":{"line":48,"column":null}},"type":"binary-expr","locations":[{"start":{"line":48,"column":42},"end":{"line":48,"column":66}},{"start":{"line":48,"column":66},"end":{"line":48,"column":null}}],"line":48},"4":{"loc":{"start":{"line":50,"column":15},"end":{"line":53,"column":null}},"type":"cond-expr","locations":[{"start":{"line":50,"column":41},"end":{"line":50,"column":null}},{"start":{"line":51,"column":12},"end":{"line":53,"column":null}}],"line":50},"5":{"loc":{"start":{"line":51,"column":12},"end":{"line":53,"column":null}},"type":"cond-expr","locations":[{"start":{"line":51,"column":40},"end":{"line":51,"column":null}},{"start":{"line":52,"column":12},"end":{"line":53,"column":null}}],"line":51},"6":{"loc":{"start":{"line":52,"column":12},"end":{"line":53,"column":null}},"type":"cond-expr","locations":[{"start":{"line":52,"column":40},"end":{"line":52,"column":null}},{"start":{"line":53,"column":12},"end":{"line":53,"column":null}}],"line":52},"7":{"loc":{"start":{"line":54,"column":14},"end":{"line":54,"column":null}},"type":"binary-expr","locations":[{"start":{"line":54,"column":14},"end":{"line":54,"column":24}},{"start":{"line":54,"column":24},"end":{"line":54,"column":null}}],"line":54},"8":{"loc":{"start":{"line":55,"column":12},"end":{"line":55,"column":null}},"type":"binary-expr","locations":[{"start":{"line":55,"column":12},"end":{"line":55,"column":28}},{"start":{"line":55,"column":28},"end":{"line":55,"column":null}}],"line":55},"9":{"loc":{"start":{"line":62,"column":6},"end":{"line":62,"column":null}},"type":"if","locations":[{"start":{"line":62,"column":6},"end":{"line":62,"column":null}},{"start":{},"end":{}}],"line":62},"10":{"loc":{"start":{"line":67,"column":19},"end":{"line":70,"column":null}},"type":"cond-expr","locations":[{"start":{"line":67,"column":47},"end":{"line":67,"column":null}},{"start":{"line":68,"column":8},"end":{"line":70,"column":null}}],"line":67},"11":{"loc":{"start":{"line":68,"column":8},"end":{"line":70,"column":null}},"type":"cond-expr","locations":[{"start":{"line":68,"column":33},"end":{"line":68,"column":null}},{"start":{"line":69,"column":8},"end":{"line":70,"column":null}}],"line":68},"12":{"loc":{"start":{"line":69,"column":8},"end":{"line":70,"column":null}},"type":"cond-expr","locations":[{"start":{"line":69,"column":33},"end":{"line":69,"column":null}},{"start":{"line":70,"column":8},"end":{"line":70,"column":null}}],"line":69},"13":{"loc":{"start":{"line":72,"column":27},"end":{"line":72,"column":null}},"type":"binary-expr","locations":[{"start":{"line":72,"column":27},"end":{"line":72,"column":65}},{"start":{"line":72,"column":65},"end":{"line":72,"column":null}}],"line":72},"14":{"loc":{"start":{"line":77,"column":15},"end":{"line":80,"column":null}},"type":"cond-expr","locations":[{"start":{"line":77,"column":75},"end":{"line":77,"column":null}},{"start":{"line":78,"column":10},"end":{"line":80,"column":null}}],"line":77},"15":{"loc":{"start":{"line":77,"column":15},"end":{"line":77,"column":75}},"type":"binary-expr","locations":[{"start":{"line":77,"column":15},"end":{"line":77,"column":44}},{"start":{"line":77,"column":44},"end":{"line":77,"column":75}}],"line":77},"16":{"loc":{"start":{"line":78,"column":10},"end":{"line":80,"column":null}},"type":"cond-expr","locations":[{"start":{"line":78,"column":40},"end":{"line":78,"column":null}},{"start":{"line":79,"column":10},"end":{"line":80,"column":null}}],"line":78},"17":{"loc":{"start":{"line":79,"column":10},"end":{"line":80,"column":null}},"type":"cond-expr","locations":[{"start":{"line":79,"column":40},"end":{"line":79,"column":null}},{"start":{"line":80,"column":10},"end":{"line":80,"column":null}}],"line":79},"18":{"loc":{"start":{"line":82,"column":10},"end":{"line":82,"column":null}},"type":"cond-expr","locations":[{"start":{"line":82,"column":38},"end":{"line":82,"column":59}},{"start":{"line":82,"column":59},"end":{"line":82,"column":null}}],"line":82},"19":{"loc":{"start":{"line":107,"column":2},"end":{"line":107,"column":null}},"type":"if","locations":[{"start":{"line":107,"column":2},"end":{"line":107,"column":null}},{"start":{},"end":{}}],"line":107},"20":{"loc":{"start":{"line":112,"column":4},"end":{"line":113,"column":null}},"type":"if","locations":[{"start":{"line":112,"column":4},"end":{"line":113,"column":null}},{"start":{"line":112,"column":25},"end":{"line":113,"column":null}}],"line":112},"21":{"loc":{"start":{"line":112,"column":25},"end":{"line":113,"column":null}},"type":"if","locations":[{"start":{"line":112,"column":25},"end":{"line":113,"column":null}},{"start":{},"end":{}}],"line":112},"22":{"loc":{"start":{"line":113,"column":41},"end":{"line":113,"column":85}},"type":"if","locations":[{"start":{"line":113,"column":41},"end":{"line":113,"column":85}},{"start":{},"end":{}}],"line":113},"23":{"loc":{"start":{"line":115,"column":2},"end":{"line":115,"column":null}},"type":"if","locations":[{"start":{"line":115,"column":2},"end":{"line":115,"column":null}},{"start":{},"end":{}}],"line":115},"24":{"loc":{"start":{"line":120,"column":4},"end":{"line":120,"column":null}},"type":"if","locations":[{"start":{"line":120,"column":4},"end":{"line":120,"column":null}},{"start":{},"end":{}}],"line":120},"25":{"loc":{"start":{"line":120,"column":8},"end":{"line":120,"column":50}},"type":"binary-expr","locations":[{"start":{"line":120,"column":8},"end":{"line":120,"column":23}},{"start":{"line":120,"column":23},"end":{"line":120,"column":50}}],"line":120},"26":{"loc":{"start":{"line":126,"column":6},"end":{"line":126,"column":null}},"type":"if","locations":[{"start":{"line":126,"column":6},"end":{"line":126,"column":null}},{"start":{},"end":{}}],"line":126},"27":{"loc":{"start":{"line":128,"column":6},"end":{"line":128,"column":null}},"type":"if","locations":[{"start":{"line":128,"column":6},"end":{"line":128,"column":null}},{"start":{},"end":{}}],"line":128},"28":{"loc":{"start":{"line":129,"column":6},"end":{"line":129,"column":null}},"type":"if","locations":[{"start":{"line":129,"column":6},"end":{"line":129,"column":null}},{"start":{},"end":{}}],"line":129},"29":{"loc":{"start":{"line":130,"column":16},"end":{"line":130,"column":null}},"type":"binary-expr","locations":[{"start":{"line":130,"column":16},"end":{"line":130,"column":33}},{"start":{"line":130,"column":33},"end":{"line":130,"column":null}}],"line":130},"30":{"loc":{"start":{"line":131,"column":16},"end":{"line":131,"column":null}},"type":"binary-expr","locations":[{"start":{"line":131,"column":16},"end":{"line":131,"column":33}},{"start":{"line":131,"column":33},"end":{"line":131,"column":null}}],"line":131},"31":{"loc":{"start":{"line":134,"column":6},"end":{"line":135,"column":null}},"type":"if","locations":[{"start":{"line":134,"column":6},"end":{"line":135,"column":null}},{"start":{"line":134,"column":57},"end":{"line":135,"column":null}}],"line":134},"32":{"loc":{"start":{"line":134,"column":10},"end":{"line":134,"column":26}},"type":"binary-expr","locations":[{"start":{"line":134,"column":10},"end":{"line":134,"column":19}},{"start":{"line":134,"column":19},"end":{"line":134,"column":26}}],"line":134},"33":{"loc":{"start":{"line":134,"column":57},"end":{"line":135,"column":null}},"type":"if","locations":[{"start":{"line":134,"column":57},"end":{"line":135,"column":null}},{"start":{},"end":{}}],"line":134},"34":{"loc":{"start":{"line":135,"column":15},"end":{"line":135,"column":31}},"type":"binary-expr","locations":[{"start":{"line":135,"column":15},"end":{"line":135,"column":24}},{"start":{"line":135,"column":24},"end":{"line":135,"column":31}}],"line":135},"35":{"loc":{"start":{"line":139,"column":4},"end":{"line":141,"column":null}},"type":"if","locations":[{"start":{"line":139,"column":4},"end":{"line":141,"column":null}},{"start":{},"end":{}}],"line":139},"36":{"loc":{"start":{"line":143,"column":66},"end":{"line":143,"column":106}},"type":"cond-expr","locations":[{"start":{"line":143,"column":89},"end":{"line":143,"column":103}},{"start":{"line":143,"column":103},"end":{"line":143,"column":106}}],"line":143}},"s":{"0":9,"1":2,"2":3,"3":3,"4":1,"5":3,"6":2,"7":2,"8":5,"9":2,"10":2,"11":5,"12":5,"13":1,"14":4,"15":4,"16":2,"17":2,"18":0,"19":2,"20":4,"21":4,"22":4,"23":4,"24":1,"25":3,"26":3,"27":3,"28":3,"29":3,"30":291,"31":16,"32":275,"33":16,"34":16,"35":3,"36":3,"37":3,"38":0,"39":3,"40":3,"41":3,"42":3,"43":1,"44":2,"45":2,"46":2,"47":5,"48":0,"49":5,"50":5,"51":5,"52":0,"53":5,"54":5,"55":5,"56":5,"57":1,"58":4,"59":2,"60":2,"61":2,"62":0,"63":2},"f":{"0":9,"1":3,"2":2,"3":5,"4":5,"5":0,"6":4},"b":{"0":[1,2,1,2,3,1,2,3,1],"1":[3,1],"2":[2,0],"3":[2,0],"4":[2,3],"5":[0,3],"6":[0,3],"7":[5,0],"8":[5,5],"9":[1,4],"10":[0,2],"11":[1,1],"12":[1,0],"13":[2,2],"14":[2,0],"15":[2,0],"16":[0,0],"17":[0,0],"18":[0,2],"19":[1,3],"20":[16,275],"21":[16,259],"22":[3,13],"23":[0,3],"24":[1,2],"25":[3,2],"26":[0,5],"27":[5,0],"28":[0,5],"29":[5,1],"30":[5,1],"31":[1,4],"32":[5,2],"33":[2,2],"34":[4,2],"35":[2,0],"36":[0,0]},"meta":{"lastBranch":37,"lastFunction":7,"lastStatement":64,"seen":{"f:25:16:25:32":0,"b:27:4:27:Infinity:28:4:29:Infinity:30:4:30:Infinity:31:4:31:Infinity:32:4:33:Infinity:34:4:34:Infinity:35:4:35:Infinity:36:4:37:Infinity:38:4:39:Infinity":0,"s:26:2:40:Infinity":0,"s:29:6:29:Infinity":1,"s:33:6:33:Infinity":2,"s:37:6:37:Infinity":3,"s:39:6:39:Infinity":4,"f:43:16:43:31":1,"s:44:2:87:Infinity":5,"b:44:10:44:28:44:28:44:32":1,"f:44:36:44:37":2,"s:45:21:47:Infinity":6,"b:45:25:46:Infinity:47:8:47:Infinity":2,"s:48:10:57:Infinity":7,"b:48:42:48:66:48:66:48:Infinity":3,"f:49:11:49:12":3,"s:49:19:56:8":8,"b:50:41:50:Infinity:51:12:53:Infinity":4,"b:51:40:51:Infinity:52:12:53:Infinity":5,"b:52:40:52:Infinity:53:12:53:Infinity":6,"b:54:14:54:24:54:24:54:Infinity":7,"b:55:12:55:28:55:28:55:Infinity":8,"s:59:17:59:Infinity":9,"s:60:21:65:Infinity":10,"f:60:40:60:41":4,"s:61:18:61:Infinity":11,"b:62:6:62:Infinity:undefined:undefined:undefined:undefined":9,"s:62:6:62:Infinity":12,"s:62:25:62:Infinity":13,"s:63:6:63:Infinity":14,"s:64:6:64:Infinity":15,"s:67:19:70:Infinity":16,"b:67:47:67:Infinity:68:8:70:Infinity":10,"b:68:33:68:Infinity:69:8:70:Infinity":11,"b:69:33:69:Infinity:70:8:70:Infinity":12,"s:72:27:72:Infinity":17,"b:72:27:72:65:72:65:72:Infinity":13,"f:72:47:72:48":5,"s:72:54:72:60":18,"s:74:4:86:Infinity":19,"b:77:75:77:Infinity:78:10:80:Infinity":14,"b:77:15:77:44:77:44:77:75":15,"b:78:40:78:Infinity:79:10:80:Infinity":16,"b:79:40:79:Infinity:80:10:80:Infinity":17,"b:82:38:82:59:82:59:82:Infinity":18,"f:102:16:102:32":6,"s:103:35:103:Infinity":20,"s:105:17:105:Infinity":21,"s:106:19:106:Infinity":22,"b:107:2:107:Infinity:undefined:undefined:undefined:undefined":19,"s:107:2:107:Infinity":23,"s:107:23:107:Infinity":24,"s:108:20:108:Infinity":25,"s:109:14:109:Infinity":26,"s:110:16:110:Infinity":27,"s:111:2:114:Infinity":28,"s:111:15:111:26":29,"b:112:4:113:Infinity:112:25:113:Infinity":20,"s:112:4:113:Infinity":30,"s:112:25:112:Infinity":31,"b:112:25:113:Infinity:undefined:undefined:undefined:undefined":21,"s:112:25:113:Infinity":32,"s:113:32:113:41":33,"b:113:41:113:85:undefined:undefined:undefined:undefined":22,"s:113:41:113:85":34,"s:113:60:113:77":35,"s:113:77:113:83":36,"b:115:2:115:Infinity:undefined:undefined:undefined:undefined":23,"s:115:2:115:Infinity":37,"s:115:22:115:Infinity":38,"s:116:2:144:Infinity":39,"s:118:17:118:Infinity":40,"s:119:17:119:Infinity":41,"b:120:4:120:Infinity:undefined:undefined:undefined:undefined":24,"s:120:4:120:Infinity":42,"b:120:8:120:23:120:23:120:50":25,"s:120:50:120:Infinity":43,"s:122:27:122:Infinity":44,"s:123:20:123:Infinity":45,"s:125:4:136:Infinity":46,"b:126:6:126:Infinity:undefined:undefined:undefined:undefined":26,"s:126:6:126:Infinity":47,"s:126:21:126:Infinity":48,"b:128:6:128:Infinity:undefined:undefined:undefined:undefined":27,"s:128:6:128:Infinity":49,"s:128:37:128:Infinity":50,"b:129:6:129:Infinity:undefined:undefined:undefined:undefined":28,"s:129:6:129:Infinity":51,"s:129:24:129:Infinity":52,"s:130:16:130:Infinity":53,"b:130:16:130:33:130:33:130:Infinity":29,"s:131:16:131:Infinity":54,"b:131:16:131:33:131:33:131:Infinity":30,"s:133:6:133:Infinity":55,"b:134:6:135:Infinity:134:57:135:Infinity":31,"s:134:6:135:Infinity":56,"b:134:10:134:19:134:19:134:26":32,"s:134:26:134:Infinity":57,"b:134:57:135:Infinity:undefined:undefined:undefined:undefined":33,"s:134:57:135:Infinity":58,"b:135:15:135:24:135:24:135:31":34,"s:135:31:135:Infinity":59,"b:139:4:141:Infinity:undefined:undefined:undefined:undefined":35,"s:139:4:141:Infinity":60,"s:140:6:140:Infinity":61,"s:143:4:143:Infinity":62,"b:143:89:143:103:143:103:143:106":36,"s:145:2:145:Infinity":63}}}
}
